2022-11-26 05:12:24,558 INFO     Search BICs for /tmp/JacksonXml-5b/
2022-11-26 05:12:24,559 DEBUG    Reading the coverage of com.fasterxml.jackson.dataformat.xml.MapperCopyTest::testCopyWith (failings)
2022-11-26 05:12:24,604 INFO     Loaded 1x385 Coverage Matrix
2022-11-26 05:12:24,605 INFO     The number of total commits: 762
2022-11-26 05:12:25,777 DEBUG    [line range] com/fasterxml/jackson/dataformat/xml/JacksonXmlAnnotationIntrospector.java <init> 34:36
2022-11-26 05:12:25,802 DEBUG                  - depth 0, hash 4b5c9b7, HEAD~601
2022-11-26 05:12:25,812 DEBUG    [line range] com/fasterxml/jackson/dataformat/xml/JacksonXmlAnnotationIntrospector.java _findXmlName 198:205
2022-11-26 05:12:25,830 DEBUG                  - depth 0, hash ff0bf89, HEAD~606
2022-11-26 05:12:25,834 DEBUG    [line range] com/fasterxml/jackson/dataformat/xml/JacksonXmlAnnotationIntrospector.java findNameForSerialization 147:160
2022-11-26 05:12:25,856 DEBUG                  - depth 0, hash ae52d11, HEAD~498
2022-11-26 05:12:25,860 DEBUG                  - depth 1, hash ff0bf89, HEAD~606
2022-11-26 05:12:25,863 DEBUG                  - depth 2, hash ac97422, HEAD~757
2022-11-26 05:12:25,865 DEBUG    [line range] com/fasterxml/jackson/dataformat/xml/JacksonXmlAnnotationIntrospector.java findNamespace 91:99
2022-11-26 05:12:25,885 DEBUG                  - depth 0, hash 754187e, HEAD~659
2022-11-26 05:12:25,889 DEBUG                  - depth 1, hash 09eec81, HEAD~755
2022-11-26 05:12:25,892 DEBUG                  - depth 2, hash ac97422, HEAD~757
2022-11-26 05:12:25,895 DEBUG    [line range] com/fasterxml/jackson/dataformat/xml/JacksonXmlAnnotationIntrospector.java findRootName 69:83
2022-11-26 05:12:25,917 DEBUG                  - depth 0, hash c95e6bf, HEAD~608
2022-11-26 05:12:25,921 DEBUG                  - depth 1, hash 7343f94, HEAD~609
2022-11-26 05:12:25,924 DEBUG    [line range] com/fasterxml/jackson/dataformat/xml/JacksonXmlAnnotationIntrospector.java findWrapperName 44:67
2022-11-26 05:12:25,942 DEBUG                  - depth 0, hash 09f05a5, HEAD~600
2022-11-26 05:12:25,946 DEBUG                  - depth 1, hash 4b5c9b7, HEAD~601
2022-11-26 05:12:25,949 DEBUG                  - depth 2, hash c95e6bf, HEAD~608
2022-11-26 05:12:25,952 DEBUG                  - depth 3, hash 7343f94, HEAD~609
2022-11-26 05:12:25,955 DEBUG    [line range] com/fasterxml/jackson/dataformat/xml/JacksonXmlAnnotationIntrospector.java isOutputAsAttribute 107:115
2022-11-26 05:12:25,974 DEBUG                  - depth 0, hash 754187e, HEAD~659
2022-11-26 05:12:25,978 DEBUG    [line range] com/fasterxml/jackson/dataformat/xml/JacksonXmlAnnotationIntrospector.java isOutputAsCData 127:134
2022-11-26 05:12:26,000 DEBUG                  - depth 0, hash edf7a8b, HEAD~347
2022-11-26 05:12:26,004 DEBUG    [line range] com/fasterxml/jackson/dataformat/xml/JacksonXmlAnnotationIntrospector.java isOutputAsText 117:125
2022-11-26 05:12:26,023 DEBUG                  - depth 0, hash 2b21a9e, HEAD~526
2022-11-26 05:12:26,029 DEBUG                  - depth 1, hash 754187e, HEAD~659
2022-11-26 05:12:26,846 DEBUG    [line range] com/fasterxml/jackson/dataformat/xml/JacksonXmlModule.java <init> 31:31
2022-11-26 05:12:26,867 DEBUG                  - depth 0, hash 75e1bac, HEAD~597
2022-11-26 05:12:26,871 DEBUG                  - depth 1, hash 4b5c9b7, HEAD~601
2022-11-26 05:12:26,873 DEBUG                  - depth 2, hash 76f1154, HEAD~700
2022-11-26 05:12:26,876 DEBUG                  - depth 3, hash 6e8939a, HEAD~747
2022-11-26 05:12:26,879 DEBUG    [line range] com/fasterxml/jackson/dataformat/xml/JacksonXmlModule.java _constructIntrospector 125:127
2022-11-26 05:12:26,899 DEBUG                  - depth 0, hash faa84af, HEAD~350
2022-11-26 05:12:26,904 DEBUG                  - depth 1, hash 75e1bac, HEAD~597
2022-11-26 05:12:26,907 DEBUG    [line range] com/fasterxml/jackson/dataformat/xml/JacksonXmlModule.java setupModule 57:76
2022-11-26 05:12:26,925 DEBUG                  - depth 0, hash 656e965, HEAD~17
2022-11-26 05:12:26,929 DEBUG                  - depth 1, hash a118918, HEAD~561
2022-11-26 05:12:26,932 DEBUG                  - depth 2, hash 3bb8b8a, HEAD~574
2022-11-26 05:12:26,935 DEBUG                  - depth 3, hash 75e1bac, HEAD~597
2022-11-26 05:12:26,937 DEBUG                  - depth 4, hash e88829a, HEAD~669
2022-11-26 05:12:26,940 DEBUG                  - depth 5, hash 3800d1a, HEAD~739
2022-11-26 05:12:26,943 DEBUG                  - depth 6, hash eb0d220, HEAD~742
2022-11-26 05:12:26,945 DEBUG                  - depth 7, hash 6e8939a, HEAD~747
2022-11-26 05:12:27,870 DEBUG    [line range] com/fasterxml/jackson/dataformat/xml/PackageVersion.java <clinit> 13:14
2022-11-26 05:12:28,951 DEBUG    [line range] com/fasterxml/jackson/dataformat/xml/XmlFactory.java <clinit> 43:43
2022-11-26 05:12:28,971 DEBUG                  - depth 0, hash ac97422, HEAD~757
2022-11-26 05:12:28,975 DEBUG    [line range] com/fasterxml/jackson/dataformat/xml/XmlFactory.java <init> 84:84
2022-11-26 05:12:29,003 DEBUG                  - depth 0, hash bf64350, HEAD~375
2022-11-26 05:12:29,007 DEBUG                  - depth 1, hash ac97422, HEAD~757
2022-11-26 05:12:29,010 DEBUG    [line range] com/fasterxml/jackson/dataformat/xml/XmlFactory.java <init> 104:125
2022-11-26 05:12:29,032 DEBUG                  - depth 0, hash eeff2c3, HEAD~121
2022-11-26 05:12:29,036 DEBUG                  - depth 1, hash f0f19a4, HEAD~178
2022-11-26 05:12:29,039 DEBUG                  - depth 2, hash 80b056c, HEAD~547
2022-11-26 05:12:29,042 DEBUG    [line range] com/fasterxml/jackson/dataformat/xml/XmlFactory.java <init> 98:102
2022-11-26 05:12:29,066 DEBUG                  - depth 0, hash 4b49375, HEAD~502
2022-11-26 05:12:29,070 DEBUG                  - depth 1, hash 9b177dd, HEAD~573
2022-11-26 05:12:29,074 DEBUG                  - depth 2, hash ac97422, HEAD~757
2022-11-26 05:12:29,077 DEBUG    [line range] com/fasterxml/jackson/dataformat/xml/XmlFactory.java <init> 130:138
2022-11-26 05:12:29,098 DEBUG                  - depth 0, hash 0f4731e, HEAD~503
2022-11-26 05:12:29,102 DEBUG    [line range] com/fasterxml/jackson/dataformat/xml/XmlFactory.java _createXmlWriter 626:635
2022-11-26 05:12:29,125 DEBUG                  - depth 0, hash d2f70a0, HEAD~39
2022-11-26 05:12:29,131 DEBUG                  - depth 1, hash 06c4283, HEAD~41
2022-11-26 05:12:29,136 DEBUG                  - depth 2, hash ac97422, HEAD~757
2022-11-26 05:12:29,142 DEBUG    [line range] com/fasterxml/jackson/dataformat/xml/XmlFactory.java _initFactories 140:146
2022-11-26 05:12:29,171 DEBUG                  - depth 0, hash 9b177dd, HEAD~573
2022-11-26 05:12:29,175 DEBUG                  - depth 1, hash 57fbffd, HEAD~615
2022-11-26 05:12:29,178 DEBUG                  - depth 2, hash ac97422, HEAD~757
2022-11-26 05:12:29,182 DEBUG    [line range] com/fasterxml/jackson/dataformat/xml/XmlFactory.java _initializeXmlWriter 637:647
2022-11-26 05:12:29,205 DEBUG                  - depth 0, hash d2f70a0, HEAD~39
2022-11-26 05:12:29,209 DEBUG                  - depth 1, hash 06c4283, HEAD~41
2022-11-26 05:12:29,212 DEBUG                  - depth 2, hash ac97422, HEAD~757
2022-11-26 05:12:29,215 DEBUG    [single line]   com/fasterxml/jackson/dataformat/xml/XmlFactory.java copy 29
2022-11-26 05:12:29,237 DEBUG                  - depth 0, hash ac97422, HEAD~757
2022-11-26 05:12:29,241 DEBUG    [line range] com/fasterxml/jackson/dataformat/xml/XmlFactory.java copy 155:159
2022-11-26 05:12:29,263 DEBUG                  - depth 0, hash 3507c38, HEAD~389
2022-11-26 05:12:29,267 DEBUG                  - depth 1, hash 0f4731e, HEAD~503
2022-11-26 05:12:29,270 DEBUG                  - depth 2, hash 80b056c, HEAD~547
2022-11-26 05:12:29,273 DEBUG                  - depth 3, hash 8377ad8, HEAD~629
2022-11-26 05:12:29,275 DEBUG    [line range] com/fasterxml/jackson/dataformat/xml/XmlFactory.java createGenerator 458:464
2022-11-26 05:12:29,298 DEBUG                  - depth 0, hash 8377ad8, HEAD~629
2022-11-26 05:12:29,303 DEBUG                  - depth 1, hash b1cce7c, HEAD~632
2022-11-26 05:12:30,141 DEBUG    [line range] com/fasterxml/jackson/dataformat/xml/XmlMapper.java <clinit> 35:35
2022-11-26 05:12:30,158 DEBUG                  - depth 0, hash a1dfe97, HEAD~596
2022-11-26 05:12:30,164 DEBUG    [line range] com/fasterxml/jackson/dataformat/xml/XmlMapper.java <init> 48:50
2022-11-26 05:12:30,185 DEBUG                  - depth 0, hash a1dfe97, HEAD~596
2022-11-26 05:12:30,189 DEBUG                  - depth 1, hash ac97422, HEAD~757
2022-11-26 05:12:30,195 DEBUG    [line range] com/fasterxml/jackson/dataformat/xml/XmlMapper.java <init> 66:68
2022-11-26 05:12:30,227 DEBUG                  - depth 0, hash a1dfe97, HEAD~596
2022-11-26 05:12:30,235 DEBUG                  - depth 1, hash ac97422, HEAD~757
2022-11-26 05:12:30,239 DEBUG    [line range] com/fasterxml/jackson/dataformat/xml/XmlMapper.java <init> 74:90
2022-11-26 05:12:30,259 DEBUG                  - depth 0, hash 95e4b9a, HEAD~47
2022-11-26 05:12:30,264 DEBUG                  - depth 1, hash 7c7e8c9, HEAD~290
2022-11-26 05:12:30,266 DEBUG                  - depth 2, hash a1dfe97, HEAD~596
2022-11-26 05:12:30,272 DEBUG                  - depth 3, hash 6e8939a, HEAD~747
2022-11-26 05:12:30,276 DEBUG                  - depth 4, hash ac97422, HEAD~757
2022-11-26 05:12:30,281 DEBUG    [line range] com/fasterxml/jackson/dataformat/xml/XmlMapper.java <init> 95:98
2022-11-26 05:12:30,299 DEBUG                  - depth 0, hash b2e9232, HEAD~60
2022-11-26 05:12:30,304 DEBUG                  - depth 1, hash 1819c14, HEAD~61
2022-11-26 05:12:30,307 DEBUG                  - depth 2, hash 38e7afe, HEAD~64
2022-11-26 05:12:30,310 DEBUG    [line range] com/fasterxml/jackson/dataformat/xml/XmlMapper.java copy 100:105
2022-11-26 05:12:30,330 DEBUG                  - depth 0, hash 38e7afe, HEAD~64
2022-11-26 05:12:30,334 DEBUG                  - depth 1, hash a1dfe97, HEAD~596
2022-11-26 05:12:30,338 DEBUG                  - depth 2, hash 8377ad8, HEAD~629
2022-11-26 05:12:31,305 DEBUG    [single line]   com/fasterxml/jackson/dataformat/xml/deser/FromXmlParser.java <clinit> 37
2022-11-26 05:12:31,330 DEBUG                  - depth 0, hash 662d9d4, HEAD~286
2022-11-26 05:12:31,337 DEBUG                  - depth 1, hash ac97422, HEAD~757
2022-11-26 05:12:31,342 DEBUG    [single line]   com/fasterxml/jackson/dataformat/xml/deser/FromXmlParser.java <clinit> 50
2022-11-26 05:12:31,390 DEBUG                  - depth 0, hash 95e4b9a, HEAD~47
2022-11-26 05:12:31,407 DEBUG    [line range] com/fasterxml/jackson/dataformat/xml/deser/FromXmlParser.java <init> 71:74
2022-11-26 05:12:31,492 DEBUG                  - depth 0, hash ac97422, HEAD~757
2022-11-26 05:12:31,500 DEBUG    [line range] com/fasterxml/jackson/dataformat/xml/deser/FromXmlParser.java collectDefaults 60:69
2022-11-26 05:12:31,585 DEBUG                  - depth 0, hash ac97422, HEAD~757
2022-11-26 05:12:31,593 DEBUG    [line range] com/fasterxml/jackson/dataformat/xml/deser/FromXmlParser.java enabledByDefault 76:76
2022-11-26 05:12:31,628 DEBUG                  - depth 0, hash 662d9d4, HEAD~286
2022-11-26 05:12:31,634 DEBUG                  - depth 1, hash ac97422, HEAD~757
2022-11-26 05:12:31,638 DEBUG    [line range] com/fasterxml/jackson/dataformat/xml/deser/FromXmlParser.java getMask 77:77
2022-11-26 05:12:31,676 DEBUG                  - depth 0, hash 662d9d4, HEAD~286
2022-11-26 05:12:31,681 DEBUG                  - depth 1, hash ac97422, HEAD~757
2022-11-26 05:12:32,539 DEBUG    [line range] com/fasterxml/jackson/dataformat/xml/deser/XmlBeanDeserializerModifier.java <init> 24:24
2022-11-26 05:12:32,564 DEBUG                  - depth 0, hash 3bb8b8a, HEAD~574
2022-11-26 05:12:33,427 DEBUG    [line range] com/fasterxml/jackson/dataformat/xml/deser/XmlStringDeserializer.java <init> 23:23
2022-11-26 05:12:33,443 DEBUG                  - depth 0, hash 656e965, HEAD~17
2022-11-26 05:12:34,480 DEBUG    [line range] com/fasterxml/jackson/dataformat/xml/ser/ToXmlGenerator.java <init> 138:138
2022-11-26 05:12:34,509 DEBUG                  - depth 0, hash ac97422, HEAD~757
2022-11-26 05:12:34,515 DEBUG    [line range] com/fasterxml/jackson/dataformat/xml/ser/ToXmlGenerator.java _handleEndObject 545:566
2022-11-26 05:12:34,545 DEBUG                  - depth 0, hash d2f70a0, HEAD~39
2022-11-26 05:12:34,549 DEBUG                  - depth 1, hash 06c4283, HEAD~41
2022-11-26 05:12:34,551 DEBUG                  - depth 2, hash 2d6da71, HEAD~204
2022-11-26 05:12:34,555 DEBUG                  - depth 3, hash 471b123, HEAD~242
2022-11-26 05:12:34,559 DEBUG                  - depth 4, hash 6a130da, HEAD~311
2022-11-26 05:12:34,562 DEBUG                  - depth 5, hash 9913eee, HEAD~627
2022-11-26 05:12:34,565 DEBUG                  - depth 6, hash ac97422, HEAD~757
2022-11-26 05:12:34,568 DEBUG    [line range] com/fasterxml/jackson/dataformat/xml/ser/ToXmlGenerator.java _handleStartObject 530:542
2022-11-26 05:12:34,595 DEBUG                  - depth 0, hash d2f70a0, HEAD~39
2022-11-26 05:12:34,599 DEBUG                  - depth 1, hash 06c4283, HEAD~41
2022-11-26 05:12:34,603 DEBUG                  - depth 2, hash 6a130da, HEAD~311
2022-11-26 05:12:34,606 DEBUG                  - depth 3, hash ac97422, HEAD~757
2022-11-26 05:12:34,608 DEBUG    [line range] com/fasterxml/jackson/dataformat/xml/ser/ToXmlGenerator.java _verifyValueWrite 1123:1130
2022-11-26 05:12:34,638 DEBUG                  - depth 0, hash 6a130da, HEAD~311
2022-11-26 05:12:34,644 DEBUG                  - depth 1, hash ac97422, HEAD~757
2022-11-26 05:12:34,651 DEBUG    [line range] com/fasterxml/jackson/dataformat/xml/ser/ToXmlGenerator.java checkNextIsUnwrapped 1208:1215
2022-11-26 05:12:34,677 DEBUG                  - depth 0, hash 2b21a9e, HEAD~526
2022-11-26 05:12:34,683 DEBUG                  - depth 1, hash 1dff468, HEAD~657
2022-11-26 05:12:34,686 DEBUG    [line range] com/fasterxml/jackson/dataformat/xml/ser/ToXmlGenerator.java close 1150:1190
2022-11-26 05:12:34,712 DEBUG                  - depth 0, hash d2f70a0, HEAD~39
2022-11-26 05:12:34,716 DEBUG                  - depth 1, hash 06c4283, HEAD~41
2022-11-26 05:12:34,719 DEBUG                  - depth 2, hash ca1c671, HEAD~166
2022-11-26 05:12:34,722 DEBUG                  - depth 3, hash 2d6da71, HEAD~204
2022-11-26 05:12:34,726 DEBUG                  - depth 4, hash bf64350, HEAD~375
2022-11-26 05:12:34,729 DEBUG                  - depth 5, hash ac97422, HEAD~757
2022-11-26 05:12:34,733 DEBUG    [line range] com/fasterxml/jackson/dataformat/xml/ser/ToXmlGenerator.java initGenerator 189:213
2022-11-26 05:12:34,761 DEBUG                  - depth 0, hash d2f70a0, HEAD~39
2022-11-26 05:12:34,766 DEBUG                  - depth 1, hash 06c4283, HEAD~41
2022-11-26 05:12:34,770 DEBUG                  - depth 2, hash 471b123, HEAD~242
2022-11-26 05:12:34,774 DEBUG                  - depth 3, hash 6a130da, HEAD~311
2022-11-26 05:12:34,777 DEBUG                  - depth 4, hash dc86380, HEAD~515
2022-11-26 05:12:34,782 DEBUG                  - depth 5, hash ac97422, HEAD~757
2022-11-26 05:12:34,785 DEBUG    [line range] com/fasterxml/jackson/dataformat/xml/ser/ToXmlGenerator.java setNextIsAttribute 330:333
2022-11-26 05:12:34,810 DEBUG                  - depth 0, hash ac97422, HEAD~757
2022-11-26 05:12:34,815 DEBUG    [line range] com/fasterxml/jackson/dataformat/xml/ser/ToXmlGenerator.java setNextName 345:348
2022-11-26 05:12:34,843 DEBUG                  - depth 0, hash ac97422, HEAD~757
2022-11-26 05:12:34,851 DEBUG    [line range] com/fasterxml/jackson/dataformat/xml/ser/ToXmlGenerator.java setNextNameIfMissing 356:363
2022-11-26 05:12:34,876 DEBUG                  - depth 0, hash e11f6cb, HEAD~549
2022-11-26 05:12:34,881 DEBUG                  - depth 1, hash 0ad0c49, HEAD~550
2022-11-26 05:12:34,884 DEBUG    [line range] com/fasterxml/jackson/dataformat/xml/ser/ToXmlGenerator.java writeEndObject 513:527
2022-11-26 05:12:34,912 DEBUG                  - depth 0, hash 3673c06, HEAD~161
2022-11-26 05:12:34,916 DEBUG                  - depth 1, hash 6a130da, HEAD~311
2022-11-26 05:12:34,919 DEBUG                  - depth 2, hash 61d552a, HEAD~533
2022-11-26 05:12:34,922 DEBUG                  - depth 3, hash ac97422, HEAD~757
2022-11-26 05:12:34,928 DEBUG    [line range] com/fasterxml/jackson/dataformat/xml/ser/ToXmlGenerator.java writeFieldName 574:578
2022-11-26 05:12:34,953 DEBUG                  - depth 0, hash 6a130da, HEAD~311
2022-11-26 05:12:34,960 DEBUG                  - depth 1, hash 76f1154, HEAD~700
2022-11-26 05:12:34,964 DEBUG                  - depth 2, hash ac97422, HEAD~757
2022-11-26 05:12:34,968 DEBUG    [line range] com/fasterxml/jackson/dataformat/xml/ser/ToXmlGenerator.java writeFieldName 431:440
2022-11-26 05:12:34,993 DEBUG                  - depth 0, hash 471b123, HEAD~242
2022-11-26 05:12:34,997 DEBUG                  - depth 1, hash 6a130da, HEAD~311
2022-11-26 05:12:35,000 DEBUG                  - depth 2, hash ac97422, HEAD~757
2022-11-26 05:12:35,004 DEBUG    [line range] com/fasterxml/jackson/dataformat/xml/ser/ToXmlGenerator.java writeNumber 919:946
2022-11-26 05:12:35,028 DEBUG                  - depth 0, hash d2f70a0, HEAD~39
2022-11-26 05:12:35,033 DEBUG                  - depth 1, hash 06c4283, HEAD~41
2022-11-26 05:12:35,035 DEBUG                  - depth 2, hash 6a130da, HEAD~311
2022-11-26 05:12:35,038 DEBUG                  - depth 3, hash 1dff468, HEAD~657
2022-11-26 05:12:35,041 DEBUG                  - depth 4, hash 146e4ea, HEAD~685
2022-11-26 05:12:35,044 DEBUG                  - depth 5, hash ac97422, HEAD~757
2022-11-26 05:12:35,047 DEBUG    [line range] com/fasterxml/jackson/dataformat/xml/ser/ToXmlGenerator.java writeStartObject 501:511
2022-11-26 05:12:35,072 DEBUG                  - depth 0, hash 6a130da, HEAD~311
2022-11-26 05:12:35,076 DEBUG                  - depth 1, hash ac97422, HEAD~757
2022-11-26 05:12:35,079 DEBUG    [single line]   com/fasterxml/jackson/dataformat/xml/ser/ToXmlGenerator.java <clinit> 42
2022-11-26 05:12:35,104 DEBUG                  - depth 0, hash 662d9d4, HEAD~286
2022-11-26 05:12:35,108 DEBUG                  - depth 1, hash ac97422, HEAD~757
2022-11-26 05:12:35,111 DEBUG    [single line]   com/fasterxml/jackson/dataformat/xml/ser/ToXmlGenerator.java <clinit> 48
2022-11-26 05:12:35,136 DEBUG                  - depth 0, hash ac97422, HEAD~757
2022-11-26 05:12:35,142 DEBUG    [single line]   com/fasterxml/jackson/dataformat/xml/ser/ToXmlGenerator.java <clinit> 59
2022-11-26 05:12:35,168 DEBUG                  - depth 0, hash ac97422, HEAD~757
2022-11-26 05:12:35,173 DEBUG    [line range] com/fasterxml/jackson/dataformat/xml/ser/ToXmlGenerator.java <init> 80:83
2022-11-26 05:12:35,202 DEBUG                  - depth 0, hash ac97422, HEAD~757
2022-11-26 05:12:35,207 DEBUG    [line range] com/fasterxml/jackson/dataformat/xml/ser/ToXmlGenerator.java collectDefaults 69:78
2022-11-26 05:12:35,231 DEBUG                  - depth 0, hash ac97422, HEAD~757
2022-11-26 05:12:35,236 DEBUG    [line range] com/fasterxml/jackson/dataformat/xml/ser/ToXmlGenerator.java enabledByDefault 85:85
2022-11-26 05:12:35,261 DEBUG                  - depth 0, hash 662d9d4, HEAD~286
2022-11-26 05:12:35,267 DEBUG                  - depth 1, hash ac97422, HEAD~757
2022-11-26 05:12:35,271 DEBUG    [line range] com/fasterxml/jackson/dataformat/xml/ser/ToXmlGenerator.java enabledIn 87:87
2022-11-26 05:12:35,293 DEBUG                  - depth 0, hash 662d9d4, HEAD~286
2022-11-26 05:12:35,299 DEBUG                  - depth 1, hash ac97422, HEAD~757
2022-11-26 05:12:35,302 DEBUG    [line range] com/fasterxml/jackson/dataformat/xml/ser/ToXmlGenerator.java getMask 86:86
2022-11-26 05:12:35,326 DEBUG                  - depth 0, hash 662d9d4, HEAD~286
2022-11-26 05:12:35,332 DEBUG                  - depth 1, hash ac97422, HEAD~757
2022-11-26 05:12:36,154 DEBUG    [line range] com/fasterxml/jackson/dataformat/xml/ser/XmlBeanSerializer.java <init> 30:32
2022-11-26 05:12:36,175 DEBUG                  - depth 0, hash 36c9bb8, HEAD~390
2022-11-26 05:12:36,180 DEBUG                  - depth 1, hash ab84ac9, HEAD~425
2022-11-26 05:12:36,183 DEBUG                  - depth 2, hash 4e43d66, HEAD~667
2022-11-26 05:12:36,185 DEBUG                  - depth 3, hash 39822a4, HEAD~687
2022-11-26 05:12:36,188 DEBUG                  - depth 4, hash 6e8939a, HEAD~747
2022-11-26 05:12:36,191 DEBUG                  - depth 5, hash 5907dac, HEAD~748
2022-11-26 05:12:36,195 DEBUG                  - depth 6, hash ac97422, HEAD~757
2022-11-26 05:12:36,198 DEBUG    [line range] com/fasterxml/jackson/dataformat/xml/ser/XmlBeanSerializer.java serialize 106:120
2022-11-26 05:12:36,218 DEBUG                  - depth 0, hash 57e3747, HEAD~38
2022-11-26 05:12:36,222 DEBUG                  - depth 1, hash 36c9bb8, HEAD~390
2022-11-26 05:12:36,225 DEBUG                  - depth 2, hash ab84ac9, HEAD~425
2022-11-26 05:12:36,229 DEBUG                  - depth 3, hash 62b87e1, HEAD~435
2022-11-26 05:12:36,232 DEBUG                  - depth 4, hash b062b0e, HEAD~553
2022-11-26 05:12:36,235 DEBUG                  - depth 5, hash dcff957, HEAD~738
2022-11-26 05:12:36,237 DEBUG                  - depth 6, hash 3800d1a, HEAD~739
2022-11-26 05:12:37,271 DEBUG    [line range] com/fasterxml/jackson/dataformat/xml/ser/XmlBeanSerializerBase.java <init> 62:107
2022-11-26 05:12:37,291 DEBUG                  - depth 0, hash eedb6de, HEAD~316
2022-11-26 05:12:37,297 DEBUG                  - depth 1, hash ab84ac9, HEAD~425
2022-11-26 05:12:38,420 DEBUG    [line range] com/fasterxml/jackson/dataformat/xml/ser/XmlBeanSerializerModifier.java <init> 24:24
2022-11-26 05:12:38,439 DEBUG                  - depth 0, hash 621128d, HEAD~568
2022-11-26 05:12:38,444 DEBUG    [line range] com/fasterxml/jackson/dataformat/xml/ser/XmlBeanSerializerModifier.java changeProperties 36:72
2022-11-26 05:12:38,466 DEBUG                  - depth 0, hash edf7a8b, HEAD~347
2022-11-26 05:12:38,474 DEBUG                  - depth 1, hash ab84ac9, HEAD~425
2022-11-26 05:12:38,479 DEBUG                  - depth 2, hash d54aade, HEAD~512
2022-11-26 05:12:38,484 DEBUG                  - depth 3, hash 4b5c9b7, HEAD~601
2022-11-26 05:12:38,488 DEBUG                  - depth 4, hash 41628fa, HEAD~602
2022-11-26 05:12:38,492 DEBUG                  - depth 5, hash c95e6bf, HEAD~608
2022-11-26 05:12:38,499 DEBUG                  - depth 6, hash b43f0c5, HEAD~622
2022-11-26 05:12:38,506 DEBUG                  - depth 7, hash 1dff468, HEAD~657
2022-11-26 05:12:38,511 DEBUG                  - depth 8, hash e88829a, HEAD~669
2022-11-26 05:12:38,515 DEBUG                  - depth 9, hash 76f1154, HEAD~700
2022-11-26 05:12:38,520 DEBUG                  - depth 10, hash 3800d1a, HEAD~739
2022-11-26 05:12:38,525 DEBUG    [line range] com/fasterxml/jackson/dataformat/xml/ser/XmlBeanSerializerModifier.java modifySerializer 74:86
2022-11-26 05:12:38,552 DEBUG                  - depth 0, hash 39822a4, HEAD~687
2022-11-26 05:12:38,557 DEBUG                  - depth 1, hash 76f1154, HEAD~700
2022-11-26 05:12:38,564 DEBUG                  - depth 2, hash 3800d1a, HEAD~739
2022-11-26 05:12:39,518 DEBUG    [line range] com/fasterxml/jackson/dataformat/xml/ser/XmlSerializerProvider.java <clinit> 35:35
2022-11-26 05:12:39,539 DEBUG                  - depth 0, hash ac97422, HEAD~757
2022-11-26 05:12:39,545 DEBUG    [line range] com/fasterxml/jackson/dataformat/xml/ser/XmlSerializerProvider.java <init> 55:58
2022-11-26 05:12:39,564 DEBUG                  - depth 0, hash b2e9232, HEAD~60
2022-11-26 05:12:39,569 DEBUG                  - depth 1, hash 1819c14, HEAD~61
2022-11-26 05:12:39,574 DEBUG                  - depth 2, hash 3cc587d, HEAD~63
2022-11-26 05:12:39,578 DEBUG    [line range] com/fasterxml/jackson/dataformat/xml/ser/XmlSerializerProvider.java <init> 45:50
2022-11-26 05:12:39,606 DEBUG                  - depth 0, hash 4eb1efd, HEAD~697
2022-11-26 05:12:39,612 DEBUG                  - depth 1, hash 478883d, HEAD~754
2022-11-26 05:12:39,617 DEBUG                  - depth 2, hash ac97422, HEAD~757
2022-11-26 05:12:39,625 DEBUG    [line range] com/fasterxml/jackson/dataformat/xml/ser/XmlSerializerProvider.java <init> 39:43
2022-11-26 05:12:39,652 DEBUG                  - depth 0, hash 478883d, HEAD~754
2022-11-26 05:12:39,657 DEBUG                  - depth 1, hash ac97422, HEAD~757
2022-11-26 05:12:39,660 DEBUG    [line range] com/fasterxml/jackson/dataformat/xml/ser/XmlSerializerProvider.java _asXmlGenerator 217:230
2022-11-26 05:12:39,684 DEBUG                  - depth 0, hash f4c7bb0, HEAD~257
2022-11-26 05:12:39,690 DEBUG                  - depth 1, hash a6df5db, HEAD~477
2022-11-26 05:12:39,694 DEBUG    [line range] com/fasterxml/jackson/dataformat/xml/ser/XmlSerializerProvider.java _initWithRootName 177:202
2022-11-26 05:12:39,715 DEBUG                  - depth 0, hash d2f70a0, HEAD~39
2022-11-26 05:12:39,719 DEBUG                  - depth 1, hash 06c4283, HEAD~41
2022-11-26 05:12:39,724 DEBUG                  - depth 2, hash 2c5f6f4, HEAD~108
2022-11-26 05:12:39,727 DEBUG                  - depth 3, hash ca1c671, HEAD~166
2022-11-26 05:12:39,730 DEBUG                  - depth 4, hash 5cb108d, HEAD~348
2022-11-26 05:12:39,732 DEBUG                  - depth 5, hash a6df5db, HEAD~477
2022-11-26 05:12:39,735 DEBUG                  - depth 6, hash 4795221, HEAD~481
2022-11-26 05:12:39,738 DEBUG                  - depth 7, hash e11f6cb, HEAD~549
2022-11-26 05:12:39,744 DEBUG                  - depth 8, hash 0ad0c49, HEAD~550
2022-11-26 05:12:39,747 DEBUG                  - depth 9, hash e9faaec, HEAD~643
2022-11-26 05:12:39,750 DEBUG                  - depth 10, hash 4eb1efd, HEAD~697
2022-11-26 05:12:39,753 DEBUG                  - depth 11, hash ac97422, HEAD~757
2022-11-26 05:12:39,757 DEBUG    [line range] com/fasterxml/jackson/dataformat/xml/ser/XmlSerializerProvider.java _rootNameFromConfig 204:215
2022-11-26 05:12:39,782 DEBUG                  - depth 0, hash 99abd4b, HEAD~275
2022-11-26 05:12:39,786 DEBUG                  - depth 1, hash 4795221, HEAD~481
2022-11-26 05:12:39,788 DEBUG    [line range] com/fasterxml/jackson/dataformat/xml/ser/XmlSerializerProvider.java copy 66:69
2022-11-26 05:12:39,810 DEBUG                  - depth 0, hash 3cc587d, HEAD~63
2022-11-26 05:12:39,815 DEBUG                  - depth 1, hash 38e7afe, HEAD~64
2022-11-26 05:12:39,818 DEBUG                  - depth 2, hash ac97422, HEAD~757
2022-11-26 05:12:39,820 DEBUG    [line range] com/fasterxml/jackson/dataformat/xml/ser/XmlSerializerProvider.java createInstance 71:75
2022-11-26 05:12:39,842 DEBUG                  - depth 0, hash 38e7afe, HEAD~64
2022-11-26 05:12:39,848 DEBUG                  - depth 1, hash 5cb108d, HEAD~348
2022-11-26 05:12:39,851 DEBUG                  - depth 2, hash 4eb1efd, HEAD~697
2022-11-26 05:12:39,853 DEBUG                  - depth 3, hash 865f5f3, HEAD~698
2022-11-26 05:12:39,856 DEBUG                  - depth 4, hash 2985244, HEAD~699
2022-11-26 05:12:39,861 DEBUG                  - depth 5, hash ac97422, HEAD~757
2022-11-26 05:12:39,864 DEBUG    [line range] com/fasterxml/jackson/dataformat/xml/ser/XmlSerializerProvider.java serializeValue 77:114
2022-11-26 05:12:39,885 DEBUG                  - depth 0, hash 993e0c6, HEAD~112
2022-11-26 05:12:39,889 DEBUG                  - depth 1, hash b8790f7, HEAD~241
2022-11-26 05:12:39,898 DEBUG                  - depth 2, hash f4c7bb0, HEAD~257
2022-11-26 05:12:39,905 DEBUG                  - depth 3, hash 5cb108d, HEAD~348
2022-11-26 05:12:39,910 DEBUG                  - depth 4, hash 1252cc6, HEAD~470
2022-11-26 05:12:39,913 DEBUG                  - depth 5, hash a6df5db, HEAD~477
2022-11-26 05:12:39,916 DEBUG                  - depth 6, hash 4795221, HEAD~481
2022-11-26 05:12:39,919 DEBUG                  - depth 7, hash e9faaec, HEAD~643
2022-11-26 05:12:39,924 DEBUG                  - depth 8, hash 4eb1efd, HEAD~697
2022-11-26 05:12:39,927 DEBUG                  - depth 9, hash ac97422, HEAD~757
2022-11-26 05:12:40,674 DEBUG    [line range] com/fasterxml/jackson/dataformat/xml/util/AnnotationUtil.java findIsAttributeAnnotation 29:46
2022-11-26 05:12:40,691 DEBUG                  - depth 0, hash eb05a1c, HEAD~403
2022-11-26 05:12:40,696 DEBUG                  - depth 1, hash e88829a, HEAD~669
2022-11-26 05:12:40,700 DEBUG    [line range] com/fasterxml/jackson/dataformat/xml/util/AnnotationUtil.java findIsCDataAnnotation 67:79
2022-11-26 05:12:40,719 DEBUG                  - depth 0, hash edf7a8b, HEAD~347
2022-11-26 05:12:40,724 DEBUG    [line range] com/fasterxml/jackson/dataformat/xml/util/AnnotationUtil.java findIsTextAnnotation 48:65
2022-11-26 05:12:40,742 DEBUG                  - depth 0, hash eb05a1c, HEAD~403
2022-11-26 05:12:40,749 DEBUG                  - depth 1, hash 1dff468, HEAD~657
2022-11-26 05:12:40,753 DEBUG    [line range] com/fasterxml/jackson/dataformat/xml/util/AnnotationUtil.java findNamespaceAnnotation 10:27
2022-11-26 05:12:40,771 DEBUG                  - depth 0, hash eb05a1c, HEAD~403
2022-11-26 05:12:40,775 DEBUG                  - depth 1, hash e88829a, HEAD~669
2022-11-26 05:12:41,661 DEBUG    [line range] com/fasterxml/jackson/dataformat/xml/util/DefaultXmlPrettyPrinter.java <init> 106:106
2022-11-26 05:12:41,679 DEBUG                  - depth 0, hash 146e4ea, HEAD~685
2022-11-26 05:12:41,684 DEBUG                  - depth 1, hash ac97422, HEAD~757
2022-11-26 05:12:41,687 DEBUG    [line range] com/fasterxml/jackson/dataformat/xml/util/DefaultXmlPrettyPrinter.java <init> 60:60
2022-11-26 05:12:41,711 DEBUG                  - depth 0, hash 146e4ea, HEAD~685
2022-11-26 05:12:41,715 DEBUG                  - depth 1, hash ac97422, HEAD~757
2022-11-26 05:12:41,718 DEBUG    [single line]   com/fasterxml/jackson/dataformat/xml/util/DefaultXmlPrettyPrinter.java <clinit> 495
2022-11-26 05:12:41,741 DEBUG                  - depth 0, hash 146e4ea, HEAD~685
2022-11-26 05:12:41,746 DEBUG    [single line]   com/fasterxml/jackson/dataformat/xml/util/DefaultXmlPrettyPrinter.java <clinit> 497
2022-11-26 05:12:41,767 DEBUG                  - depth 0, hash 146e4ea, HEAD~685
2022-11-26 05:12:41,772 DEBUG    [single line]   com/fasterxml/jackson/dataformat/xml/util/DefaultXmlPrettyPrinter.java <clinit> 498
2022-11-26 05:12:41,794 DEBUG                  - depth 0, hash 146e4ea, HEAD~685
2022-11-26 05:12:41,798 DEBUG    [single line]   com/fasterxml/jackson/dataformat/xml/util/DefaultXmlPrettyPrinter.java <clinit> 499
2022-11-26 05:12:41,820 DEBUG                  - depth 0, hash 146e4ea, HEAD~685
2022-11-26 05:12:41,826 DEBUG    [line range] com/fasterxml/jackson/dataformat/xml/util/DefaultXmlPrettyPrinter.java <clinit> 503:503
2022-11-26 05:12:41,845 DEBUG                  - depth 0, hash 146e4ea, HEAD~685
2022-11-26 05:12:42,633 DEBUG    [line range] com/fasterxml/jackson/dataformat/xml/util/TypeUtil.java isIndexedType 13:30
2022-11-26 05:12:42,649 DEBUG                  - depth 0, hash 3641432, HEAD~96
2022-11-26 05:12:42,654 DEBUG                  - depth 1, hash d9892b0, HEAD~349
2022-11-26 05:12:42,657 DEBUG                  - depth 2, hash 41628fa, HEAD~602
2022-11-26 05:12:42,660 DEBUG    [line range] com/fasterxml/jackson/dataformat/xml/util/TypeUtil.java isIndexedType 32:36
2022-11-26 05:12:42,676 DEBUG                  - depth 0, hash d9892b0, HEAD~349
2022-11-26 05:12:42,680 DEBUG                  - depth 1, hash a6df5db, HEAD~477
2022-11-26 05:12:43,437 DEBUG    [line range] com/fasterxml/jackson/dataformat/xml/util/XmlInfo.java <init> 14:20
2022-11-26 05:12:43,455 DEBUG                  - depth 0, hash edf7a8b, HEAD~347
2022-11-26 05:12:43,459 DEBUG                  - depth 1, hash 1dff468, HEAD~657
2022-11-26 05:12:43,462 DEBUG                  - depth 2, hash 6e8939a, HEAD~747
2022-11-26 05:12:43,466 DEBUG    [line range] com/fasterxml/jackson/dataformat/xml/util/XmlInfo.java getNamespace 22:22
2022-11-26 05:12:43,484 DEBUG                  - depth 0, hash 6e8939a, HEAD~747
2022-11-26 05:12:43,489 DEBUG    [line range] com/fasterxml/jackson/dataformat/xml/util/XmlInfo.java isAttribute 23:23
2022-11-26 05:12:43,508 DEBUG                  - depth 0, hash 6e8939a, HEAD~747
2022-11-26 05:12:43,513 DEBUG    [line range] com/fasterxml/jackson/dataformat/xml/util/XmlInfo.java isCData 25:25
2022-11-26 05:12:43,532 DEBUG                  - depth 0, hash edf7a8b, HEAD~347
2022-11-26 05:12:43,537 DEBUG    [line range] com/fasterxml/jackson/dataformat/xml/util/XmlInfo.java isText 24:24
2022-11-26 05:12:43,558 DEBUG                  - depth 0, hash 1dff468, HEAD~657
2022-11-26 05:12:44,721 DEBUG    [line range] com/fasterxml/jackson/dataformat/xml/util/XmlRootNameLookup.java <init> 28:28
2022-11-26 05:12:44,745 DEBUG                  - depth 0, hash 016a56f, HEAD~482
2022-11-26 05:12:44,749 DEBUG                  - depth 1, hash ac97422, HEAD~757
2022-11-26 05:12:44,753 DEBUG    [line range] com/fasterxml/jackson/dataformat/xml/util/XmlRootNameLookup.java _findRootName 63:91
2022-11-26 05:12:44,773 DEBUG                  - depth 0, hash d9fc9c8, HEAD~239
2022-11-26 05:12:44,778 DEBUG                  - depth 1, hash 737105e, HEAD~240
2022-11-26 05:12:44,781 DEBUG                  - depth 2, hash b9e5755, HEAD~478
2022-11-26 05:12:44,784 DEBUG                  - depth 3, hash 7343f94, HEAD~609
2022-11-26 05:12:44,787 DEBUG                  - depth 4, hash 06b9b24, HEAD~725
2022-11-26 05:12:44,790 DEBUG                  - depth 5, hash ac97422, HEAD~757
2022-11-26 05:12:44,794 DEBUG    [line range] com/fasterxml/jackson/dataformat/xml/util/XmlRootNameLookup.java findNamespace 93:104
2022-11-26 05:12:44,816 DEBUG                  - depth 0, hash ac97422, HEAD~757
2022-11-26 05:12:44,824 DEBUG    [line range] com/fasterxml/jackson/dataformat/xml/util/XmlRootNameLookup.java findRootName 44:59
2022-11-26 05:12:44,847 DEBUG                  - depth 0, hash d9fc9c8, HEAD~239
2022-11-26 05:12:44,852 DEBUG                  - depth 1, hash 737105e, HEAD~240
2022-11-26 05:12:44,856 DEBUG                  - depth 2, hash b9e5755, HEAD~478
2022-11-26 05:12:44,859 DEBUG                  - depth 3, hash 76f1154, HEAD~700
2022-11-26 05:12:44,862 DEBUG                  - depth 4, hash 06b9b24, HEAD~725
2022-11-26 05:12:44,865 DEBUG                  - depth 5, hash ac97422, HEAD~757
2022-11-26 05:12:44,868 INFO     The number of BIC candidates: 90
