2022-11-26 04:13:54,003 INFO     Search BICs for /tmp/Lang-15b/
2022-11-26 04:13:54,004 DEBUG    Reading the coverage of org.apache.commons.lang3.reflect.TypeUtilsTest::testIsAssignable (failings)
2022-11-26 04:13:54,029 DEBUG    Reading the coverage of org.apache.commons.lang3.reflect.TypeUtilsTest::testGetTypeArguments (failings)
2022-11-26 04:13:54,050 INFO     Loaded 2x421 Coverage Matrix
2022-11-26 04:13:54,051 INFO     The number of total commits: 3253
2022-11-26 04:13:55,546 DEBUG    [line range] org/apache/commons/lang3/ArrayUtils.java <clinit> 49:49
2022-11-26 04:13:55,678 DEBUG                  - depth 0, hash cbf7a76, HEAD~2443
2022-11-26 04:13:55,688 DEBUG                  - depth 1, hash a4776f3, HEAD~2444
2022-11-26 04:13:55,691 DEBUG                  - depth 2, hash 8c3f1ab, HEAD~2823
2022-11-26 04:13:55,694 DEBUG    [line range] org/apache/commons/lang3/ArrayUtils.java clone 319:324
2022-11-26 04:13:55,824 DEBUG                  - depth 0, hash f1f885f, HEAD~1156
2022-11-26 04:13:55,828 DEBUG                  - depth 1, hash 3cf8104, HEAD~1321
2022-11-26 04:13:55,830 DEBUG                  - depth 2, hash a6e6f51, HEAD~2317
2022-11-26 04:13:55,833 DEBUG                  - depth 3, hash cbf7a76, HEAD~2443
2022-11-26 04:13:55,836 DEBUG                  - depth 4, hash a4776f3, HEAD~2444
2022-11-26 04:13:55,841 DEBUG                  - depth 5, hash 8c3f1ab, HEAD~2823
2022-11-26 04:13:55,843 DEBUG                  - depth 6, hash 30c4fa4, HEAD~3091
2022-11-26 04:13:56,792 DEBUG    [line range] org/apache/commons/lang3/ClassUtils.java <clinit> 53:53
2022-11-26 04:13:56,881 DEBUG                  - depth 0, hash c457c16, HEAD~1925
2022-11-26 04:13:56,885 DEBUG                  - depth 1, hash 549e782, HEAD~1933
2022-11-26 04:13:56,888 DEBUG                  - depth 2, hash 593366b, HEAD~2859
2022-11-26 04:13:56,892 DEBUG    [line range] org/apache/commons/lang3/ClassUtils.java addAbbreviation 110:113
2022-11-26 04:13:56,967 DEBUG                  - depth 0, hash 27d31df, HEAD~1486
2022-11-26 04:13:56,972 DEBUG    [line range] org/apache/commons/lang3/ClassUtils.java isAssignable 588:590
2022-11-26 04:13:57,048 DEBUG                  - depth 0, hash 483f81c, HEAD~609
2022-11-26 04:13:57,052 DEBUG                  - depth 1, hash e53a0c9, HEAD~908
2022-11-26 04:13:57,055 DEBUG                  - depth 2, hash b044272, HEAD~1270
2022-11-26 04:13:57,058 DEBUG                  - depth 3, hash 37c66d1, HEAD~1398
2022-11-26 04:13:57,061 DEBUG                  - depth 4, hash c457c16, HEAD~1925
2022-11-26 04:13:57,064 DEBUG                  - depth 5, hash 549e782, HEAD~1933
2022-11-26 04:13:57,066 DEBUG                  - depth 6, hash e1fb7cf, HEAD~3088
2022-11-26 04:13:57,069 DEBUG    [line range] org/apache/commons/lang3/ClassUtils.java isAssignable 619:690
2022-11-26 04:13:57,150 DEBUG                  - depth 0, hash 29468bd, HEAD~17
2022-11-26 04:13:57,155 DEBUG                  - depth 1, hash b044272, HEAD~1270
2022-11-26 04:13:57,158 DEBUG                  - depth 2, hash 37c66d1, HEAD~1398
2022-11-26 04:13:57,160 DEBUG                  - depth 3, hash c457c16, HEAD~1925
2022-11-26 04:13:57,163 DEBUG                  - depth 4, hash 549e782, HEAD~1933
2022-11-26 04:13:57,165 DEBUG                  - depth 5, hash b87acfc, HEAD~2659
2022-11-26 04:13:57,168 DEBUG                  - depth 6, hash e1fb7cf, HEAD~3088
2022-11-26 04:13:58,024 DEBUG    [single line]   org/apache/commons/lang3/JavaVersion.java <clinit> 27
2022-11-26 04:13:58,075 DEBUG                  - depth 0, hash 483f81c, HEAD~609
2022-11-26 04:13:58,079 DEBUG    [single line]   org/apache/commons/lang3/JavaVersion.java <clinit> 32
2022-11-26 04:13:58,133 DEBUG                  - depth 0, hash 9eada0a, HEAD~369
2022-11-26 04:13:58,138 DEBUG                  - depth 1, hash 21475ae, HEAD~473
2022-11-26 04:13:58,141 DEBUG                  - depth 2, hash 483f81c, HEAD~609
2022-11-26 04:13:58,144 DEBUG    [single line]   org/apache/commons/lang3/JavaVersion.java <clinit> 37
2022-11-26 04:13:58,198 DEBUG                  - depth 0, hash 21475ae, HEAD~473
2022-11-26 04:13:58,203 DEBUG                  - depth 1, hash 483f81c, HEAD~609
2022-11-26 04:13:58,206 DEBUG    [single line]   org/apache/commons/lang3/JavaVersion.java <clinit> 42
2022-11-26 04:13:58,258 DEBUG                  - depth 0, hash 21475ae, HEAD~473
2022-11-26 04:13:58,262 DEBUG                  - depth 1, hash 483f81c, HEAD~609
2022-11-26 04:13:58,264 DEBUG    [single line]   org/apache/commons/lang3/JavaVersion.java <clinit> 47
2022-11-26 04:13:58,315 DEBUG                  - depth 0, hash 21475ae, HEAD~473
2022-11-26 04:13:58,319 DEBUG                  - depth 1, hash 483f81c, HEAD~609
2022-11-26 04:13:58,323 DEBUG    [single line]   org/apache/commons/lang3/JavaVersion.java <clinit> 52
2022-11-26 04:13:58,372 DEBUG                  - depth 0, hash 21475ae, HEAD~473
2022-11-26 04:13:58,376 DEBUG                  - depth 1, hash 483f81c, HEAD~609
2022-11-26 04:13:58,379 DEBUG    [single line]   org/apache/commons/lang3/JavaVersion.java <clinit> 57
2022-11-26 04:13:58,429 DEBUG                  - depth 0, hash 21475ae, HEAD~473
2022-11-26 04:13:58,433 DEBUG                  - depth 1, hash 483f81c, HEAD~609
2022-11-26 04:13:58,436 DEBUG    [single line]   org/apache/commons/lang3/JavaVersion.java <clinit> 62
2022-11-26 04:13:58,487 DEBUG                  - depth 0, hash 21475ae, HEAD~473
2022-11-26 04:13:58,491 DEBUG                  - depth 1, hash 483f81c, HEAD~609
2022-11-26 04:13:58,493 DEBUG    [single line]   org/apache/commons/lang3/JavaVersion.java <clinit> 67
2022-11-26 04:13:58,542 DEBUG                  - depth 0, hash 4e228f6, HEAD~592
2022-11-26 04:13:58,546 DEBUG                  - depth 1, hash 483f81c, HEAD~609
2022-11-26 04:13:58,550 DEBUG    [single line]   org/apache/commons/lang3/JavaVersion.java <clinit> 72
2022-11-26 04:13:58,607 DEBUG                  - depth 0, hash 4e228f6, HEAD~592
2022-11-26 04:13:58,611 DEBUG                  - depth 1, hash 483f81c, HEAD~609
2022-11-26 04:13:58,614 DEBUG    [line range] org/apache/commons/lang3/JavaVersion.java <init> 89:92
2022-11-26 04:13:58,668 DEBUG                  - depth 0, hash 483f81c, HEAD~609
2022-11-26 04:13:58,675 DEBUG    [line range] org/apache/commons/lang3/JavaVersion.java atLeast 104:106
2022-11-26 04:13:58,732 DEBUG                  - depth 0, hash 483f81c, HEAD~609
2022-11-26 04:13:58,737 DEBUG    [line range] org/apache/commons/lang3/JavaVersion.java get 131:153
2022-11-26 04:13:58,787 DEBUG                  - depth 0, hash 1106baf, HEAD~530
2022-11-26 04:13:58,791 DEBUG                  - depth 1, hash 4e228f6, HEAD~592
2022-11-26 04:13:58,794 DEBUG                  - depth 2, hash 483f81c, HEAD~609
2022-11-26 04:13:59,677 DEBUG    [line range] org/apache/commons/lang3/StringEscapeUtils.java <clinit> 52:61
2022-11-26 04:13:59,757 DEBUG                  - depth 0, hash ee82ee3, HEAD~290
2022-11-26 04:13:59,761 DEBUG                  - depth 1, hash 542a834, HEAD~408
2022-11-26 04:13:59,764 DEBUG                  - depth 2, hash b58cb22, HEAD~1041
2022-11-26 04:13:59,767 DEBUG    [line range] org/apache/commons/lang3/StringEscapeUtils.java escapeHtml4 432:434
2022-11-26 04:13:59,854 DEBUG                  - depth 0, hash b58cb22, HEAD~1041
2022-11-26 04:13:59,858 DEBUG                  - depth 1, hash 300d09e, HEAD~1217
2022-11-26 04:13:59,861 DEBUG                  - depth 2, hash a244767, HEAD~1222
2022-11-26 04:13:59,864 DEBUG                  - depth 3, hash 188afe1, HEAD~1373
2022-11-26 04:13:59,867 DEBUG                  - depth 4, hash dd6edde, HEAD~1853
2022-11-26 04:13:59,871 DEBUG                  - depth 5, hash 8588458, HEAD~1999
2022-11-26 04:13:59,873 DEBUG                  - depth 6, hash 6609517, HEAD~2092
2022-11-26 04:13:59,876 DEBUG                  - depth 7, hash 97dfb3a, HEAD~2746
2022-11-26 04:13:59,880 DEBUG                  - depth 8, hash b098878, HEAD~2816
2022-11-26 04:13:59,883 DEBUG                  - depth 9, hash c8f2281, HEAD~2911
2022-11-26 04:13:59,888 DEBUG                  - depth 10, hash 7eba6af, HEAD~2923
2022-11-26 04:13:59,891 DEBUG                  - depth 11, hash f03e83e, HEAD~2925
2022-11-26 04:13:59,894 DEBUG    [single line]   org/apache/commons/lang3/StringEscapeUtils.java <init> 145
2022-11-26 04:13:59,967 DEBUG                  - depth 0, hash b58cb22, HEAD~1041
2022-11-26 04:13:59,972 DEBUG    [single line]   org/apache/commons/lang3/StringEscapeUtils.java <init> 268
2022-11-26 04:14:00,050 DEBUG                  - depth 0, hash b58cb22, HEAD~1041
2022-11-26 04:14:01,008 DEBUG    [line range] org/apache/commons/lang3/SystemUtils.java <clinit> 89:89
2022-11-26 04:14:01,096 DEBUG                  - depth 0, hash b20ba54, HEAD~2428
2022-11-26 04:14:01,102 DEBUG    [line range] org/apache/commons/lang3/SystemUtils.java getJavaVersionMatches 1264:1266
2022-11-26 04:14:01,181 DEBUG                  - depth 0, hash 483f81c, HEAD~609
2022-11-26 04:14:01,185 DEBUG                  - depth 1, hash ef9524a, HEAD~796
2022-11-26 04:14:01,188 DEBUG                  - depth 2, hash 341c6c0, HEAD~1900
2022-11-26 04:14:01,191 DEBUG                  - depth 3, hash 6a23fd6, HEAD~2214
2022-11-26 04:14:01,194 DEBUG                  - depth 4, hash 22ae648, HEAD~2855
2022-11-26 04:14:01,197 DEBUG                  - depth 5, hash 2077c6c, HEAD~2867
2022-11-26 04:14:01,199 DEBUG    [line range] org/apache/commons/lang3/SystemUtils.java getOSMatches 1275:1277
2022-11-26 04:14:01,283 DEBUG                  - depth 0, hash ef9524a, HEAD~796
2022-11-26 04:14:01,288 DEBUG                  - depth 1, hash 6a23fd6, HEAD~2214
2022-11-26 04:14:01,290 DEBUG                  - depth 2, hash 043babf, HEAD~2801
2022-11-26 04:14:01,293 DEBUG                  - depth 3, hash 22ae648, HEAD~2855
2022-11-26 04:14:01,295 DEBUG                  - depth 4, hash 7543998, HEAD~2864
2022-11-26 04:14:01,297 DEBUG                  - depth 5, hash 2077c6c, HEAD~2867
2022-11-26 04:14:01,300 DEBUG                  - depth 6, hash 968ff83, HEAD~3193
2022-11-26 04:14:01,303 DEBUG                  - depth 7, hash e2668e7, HEAD~3202
2022-11-26 04:14:01,306 DEBUG    [line range] org/apache/commons/lang3/SystemUtils.java getOSMatchesName 1285:1287
2022-11-26 04:14:01,389 DEBUG                  - depth 0, hash ef9524a, HEAD~796
2022-11-26 04:14:01,393 DEBUG                  - depth 1, hash 7543998, HEAD~2864
2022-11-26 04:14:01,395 DEBUG                  - depth 2, hash 2077c6c, HEAD~2867
2022-11-26 04:14:01,398 DEBUG    [line range] org/apache/commons/lang3/SystemUtils.java getSystemProperty 1302:1311
2022-11-26 04:14:01,481 DEBUG                  - depth 0, hash ef9524a, HEAD~796
2022-11-26 04:14:01,486 DEBUG                  - depth 1, hash de98e6c, HEAD~2391
2022-11-26 04:14:01,488 DEBUG                  - depth 2, hash a168f2e, HEAD~2854
2022-11-26 04:14:01,491 DEBUG                  - depth 3, hash 22ae648, HEAD~2855
2022-11-26 04:14:01,493 DEBUG                  - depth 4, hash 2077c6c, HEAD~2867
2022-11-26 04:14:01,496 DEBUG                  - depth 5, hash 968ff83, HEAD~3193
2022-11-26 04:14:01,499 DEBUG                  - depth 6, hash e2668e7, HEAD~3202
2022-11-26 04:14:01,504 DEBUG    [line range] org/apache/commons/lang3/SystemUtils.java isJavaVersionAtLeast 1370:1372
2022-11-26 04:14:01,602 DEBUG                  - depth 0, hash 483f81c, HEAD~609
2022-11-26 04:14:01,607 DEBUG                  - depth 1, hash ef9524a, HEAD~796
2022-11-26 04:14:01,609 DEBUG                  - depth 2, hash f349629, HEAD~2153
2022-11-26 04:14:01,612 DEBUG                  - depth 3, hash 7ed725a, HEAD~2556
2022-11-26 04:14:01,615 DEBUG                  - depth 4, hash 463a65b, HEAD~2563
2022-11-26 04:14:01,618 DEBUG                  - depth 5, hash 2077c6c, HEAD~2867
2022-11-26 04:14:01,621 DEBUG                  - depth 6, hash 8589272, HEAD~3041
2022-11-26 04:14:01,624 DEBUG                  - depth 7, hash 968ff83, HEAD~3193
2022-11-26 04:14:01,628 DEBUG                  - depth 8, hash e2668e7, HEAD~3202
2022-11-26 04:14:01,631 DEBUG    [line range] org/apache/commons/lang3/SystemUtils.java isJavaVersionMatch 1386:1391
2022-11-26 04:14:01,723 DEBUG                  - depth 0, hash ef9524a, HEAD~796
2022-11-26 04:14:01,727 DEBUG                  - depth 1, hash de98e6c, HEAD~2391
2022-11-26 04:14:01,730 DEBUG                  - depth 2, hash 968ff83, HEAD~3193
2022-11-26 04:14:01,732 DEBUG                  - depth 3, hash e2668e7, HEAD~3202
2022-11-26 04:14:01,737 DEBUG    [line range] org/apache/commons/lang3/SystemUtils.java isOSMatch 1405:1410
2022-11-26 04:14:01,820 DEBUG                  - depth 0, hash ef9524a, HEAD~796
2022-11-26 04:14:01,824 DEBUG                  - depth 1, hash c7218dd, HEAD~2467
2022-11-26 04:14:01,827 DEBUG    [line range] org/apache/commons/lang3/SystemUtils.java isOSNameMatch 1422:1427
2022-11-26 04:14:01,904 DEBUG                  - depth 0, hash ef9524a, HEAD~796
2022-11-26 04:14:01,908 DEBUG                  - depth 1, hash c7218dd, HEAD~2467
2022-11-26 04:14:02,794 DEBUG    [line range] org/apache/commons/lang3/reflect/TypeUtils.java getClosestParentType 784:822
2022-11-26 04:14:02,872 DEBUG                  - depth 0, hash aa3eb57, HEAD~253
2022-11-26 04:14:02,875 DEBUG                  - depth 1, hash a77b42a, HEAD~768
2022-11-26 04:14:02,878 DEBUG                  - depth 2, hash f34b4cc, HEAD~780
2022-11-26 04:14:02,881 DEBUG                  - depth 3, hash ef3ceb8, HEAD~1046
2022-11-26 04:14:02,885 DEBUG    [line range] org/apache/commons/lang3/reflect/TypeUtils.java getImplicitLowerBounds 928:932
2022-11-26 04:14:02,958 DEBUG                  - depth 0, hash f34b4cc, HEAD~780
2022-11-26 04:14:02,962 DEBUG                  - depth 1, hash ef3ceb8, HEAD~1046
2022-11-26 04:14:02,965 DEBUG    [line range] org/apache/commons/lang3/reflect/TypeUtils.java getImplicitUpperBounds 913:917
2022-11-26 04:14:03,040 DEBUG                  - depth 0, hash f34b4cc, HEAD~780
2022-11-26 04:14:03,043 DEBUG                  - depth 1, hash ef3ceb8, HEAD~1046
2022-11-26 04:14:03,046 DEBUG    [line range] org/apache/commons/lang3/reflect/TypeUtils.java getRawType 972:985
2022-11-26 04:14:03,116 DEBUG                  - depth 0, hash f34b4cc, HEAD~780
2022-11-26 04:14:03,121 DEBUG                  - depth 1, hash ef3ceb8, HEAD~1046
2022-11-26 04:14:03,123 DEBUG    [line range] org/apache/commons/lang3/reflect/TypeUtils.java getTypeArguments 637:668
2022-11-26 04:14:03,194 DEBUG                  - depth 0, hash f34b4cc, HEAD~780
2022-11-26 04:14:03,198 DEBUG                  - depth 1, hash ef3ceb8, HEAD~1046
2022-11-26 04:14:03,201 DEBUG    [line range] org/apache/commons/lang3/reflect/TypeUtils.java getTypeArguments 584:627
2022-11-26 04:14:03,275 DEBUG                  - depth 0, hash f34b4cc, HEAD~780
2022-11-26 04:14:03,279 DEBUG                  - depth 1, hash ef3ceb8, HEAD~1046
2022-11-26 04:14:03,282 DEBUG    [line range] org/apache/commons/lang3/reflect/TypeUtils.java getTypeArguments 532:574
2022-11-26 04:14:03,363 DEBUG                  - depth 0, hash f34b4cc, HEAD~780
2022-11-26 04:14:03,367 DEBUG                  - depth 1, hash ef3ceb8, HEAD~1046
2022-11-26 04:14:03,370 DEBUG    [line range] org/apache/commons/lang3/reflect/TypeUtils.java isAssignable 112:168
2022-11-26 04:14:03,444 DEBUG                  - depth 0, hash f34b4cc, HEAD~780
2022-11-26 04:14:03,448 DEBUG                  - depth 1, hash 9a6fb2b, HEAD~833
2022-11-26 04:14:03,451 DEBUG                  - depth 2, hash ef3ceb8, HEAD~1046
2022-11-26 04:14:03,454 DEBUG    [line range] org/apache/commons/lang3/reflect/TypeUtils.java isAssignable 247:311
2022-11-26 04:14:03,528 DEBUG                  - depth 0, hash f34b4cc, HEAD~780
2022-11-26 04:14:03,532 DEBUG                  - depth 1, hash 9a6fb2b, HEAD~833
2022-11-26 04:14:03,535 DEBUG                  - depth 2, hash ef3ceb8, HEAD~1046
2022-11-26 04:14:03,538 DEBUG    [line range] org/apache/commons/lang3/reflect/TypeUtils.java isAssignable 179:235
2022-11-26 04:14:03,609 DEBUG                  - depth 0, hash f34b4cc, HEAD~780
2022-11-26 04:14:03,613 DEBUG                  - depth 1, hash ef3ceb8, HEAD~1046
2022-11-26 04:14:03,616 DEBUG    [line range] org/apache/commons/lang3/reflect/TypeUtils.java isAssignable 64:66
2022-11-26 04:14:03,685 DEBUG                  - depth 0, hash f34b4cc, HEAD~780
2022-11-26 04:14:03,689 DEBUG                  - depth 1, hash ef3ceb8, HEAD~1046
2022-11-26 04:14:03,692 DEBUG    [line range] org/apache/commons/lang3/reflect/TypeUtils.java isAssignable 77:102
2022-11-26 04:14:03,774 DEBUG                  - depth 0, hash f34b4cc, HEAD~780
2022-11-26 04:14:03,777 DEBUG                  - depth 1, hash ef3ceb8, HEAD~1046
2022-11-26 04:14:03,780 DEBUG    [line range] org/apache/commons/lang3/reflect/TypeUtils.java isAssignable 323:400
2022-11-26 04:14:03,860 DEBUG                  - depth 0, hash f34b4cc, HEAD~780
2022-11-26 04:14:03,864 DEBUG                  - depth 1, hash ef3ceb8, HEAD~1046
2022-11-26 04:14:03,868 DEBUG    [line range] org/apache/commons/lang3/reflect/TypeUtils.java normalizeUpperBounds 862:886
2022-11-26 04:14:03,935 DEBUG                  - depth 0, hash 0b1929c, HEAD~445
2022-11-26 04:14:03,939 DEBUG                  - depth 1, hash f34b4cc, HEAD~780
2022-11-26 04:14:03,942 DEBUG                  - depth 2, hash ef3ceb8, HEAD~1046
2022-11-26 04:14:03,944 DEBUG    [line range] org/apache/commons/lang3/reflect/TypeUtils.java substituteTypeVariables 458:471
2022-11-26 04:14:04,017 DEBUG                  - depth 0, hash f34b4cc, HEAD~780
2022-11-26 04:14:04,025 DEBUG                  - depth 1, hash ef3ceb8, HEAD~1046
2022-11-26 04:14:04,792 DEBUG    [line range] org/apache/commons/lang3/text/translate/AggregateTranslator.java <init> 40:42
2022-11-26 04:14:04,868 DEBUG                  - depth 0, hash c06f5c5, HEAD~1016
2022-11-26 04:14:04,873 DEBUG                  - depth 1, hash b007be7, HEAD~1121
2022-11-26 04:14:04,876 DEBUG                  - depth 2, hash a244767, HEAD~1222
2022-11-26 04:14:04,879 DEBUG    [line range] org/apache/commons/lang3/text/translate/AggregateTranslator.java translate 49:58
2022-11-26 04:14:04,955 DEBUG                  - depth 0, hash 7095a99, HEAD~1136
2022-11-26 04:14:04,959 DEBUG                  - depth 1, hash a244767, HEAD~1222
2022-11-26 04:14:05,785 DEBUG    [single line]   org/apache/commons/lang3/text/translate/CharSequenceTranslator.java <init> 32
2022-11-26 04:14:05,867 DEBUG                  - depth 0, hash a244767, HEAD~1222
2022-11-26 04:14:05,872 DEBUG    [line range] org/apache/commons/lang3/text/translate/CharSequenceTranslator.java translate 53:65
2022-11-26 04:14:06,041 DEBUG                  - depth 0, hash 0d7a719, HEAD~578
2022-11-26 04:14:06,048 DEBUG                  - depth 1, hash b2a360d, HEAD~1168
2022-11-26 04:14:06,053 DEBUG                  - depth 2, hash a244767, HEAD~1222
2022-11-26 04:14:06,057 DEBUG    [line range] org/apache/commons/lang3/text/translate/CharSequenceTranslator.java translate 75:98
2022-11-26 04:14:06,159 DEBUG                  - depth 0, hash b4255e6, HEAD~242
2022-11-26 04:14:06,163 DEBUG                  - depth 1, hash 0fcadf1, HEAD~292
2022-11-26 04:14:06,167 DEBUG                  - depth 2, hash 7d26103, HEAD~580
2022-11-26 04:14:06,170 DEBUG                  - depth 3, hash a244767, HEAD~1222
2022-11-26 04:14:06,173 DEBUG    [line range] org/apache/commons/lang3/text/translate/CharSequenceTranslator.java with 107:112
2022-11-26 04:14:06,250 DEBUG                  - depth 0, hash 9d5404d, HEAD~1216
2022-11-26 04:14:07,038 DEBUG    [single line]   org/apache/commons/lang3/text/translate/CodePointTranslator.java <init> 29
2022-11-26 04:14:07,110 DEBUG                  - depth 0, hash a244767, HEAD~1222
2022-11-26 04:14:07,976 DEBUG    [line range] org/apache/commons/lang3/text/translate/EntityArrays.java <clinit> 35:132
2022-11-26 04:14:08,050 DEBUG                  - depth 0, hash 2bae687, HEAD~647
2022-11-26 04:14:08,054 DEBUG                  - depth 1, hash 77a7d7f, HEAD~649
2022-11-26 04:14:08,056 DEBUG                  - depth 2, hash 73a09af, HEAD~1199
2022-11-26 04:14:08,059 DEBUG                  - depth 3, hash a244767, HEAD~1222
2022-11-26 04:14:08,061 DEBUG    [line range] org/apache/commons/lang3/text/translate/EntityArrays.java APOS_ESCAPE 377:377
2022-11-26 04:14:08,135 DEBUG                  - depth 0, hash 73a09af, HEAD~1199
2022-11-26 04:14:08,139 DEBUG                  - depth 1, hash a244767, HEAD~1222
2022-11-26 04:14:08,141 DEBUG    [line range] org/apache/commons/lang3/text/translate/EntityArrays.java APOS_UNESCAPE 386:386
2022-11-26 04:14:08,219 DEBUG                  - depth 0, hash 73a09af, HEAD~1199
2022-11-26 04:14:08,223 DEBUG                  - depth 1, hash a244767, HEAD~1222
2022-11-26 04:14:08,226 DEBUG    [line range] org/apache/commons/lang3/text/translate/EntityArrays.java BASIC_ESCAPE 358:358
2022-11-26 04:14:08,302 DEBUG                  - depth 0, hash 73a09af, HEAD~1199
2022-11-26 04:14:08,306 DEBUG                  - depth 1, hash a244767, HEAD~1222
2022-11-26 04:14:08,308 DEBUG    [line range] org/apache/commons/lang3/text/translate/EntityArrays.java BASIC_UNESCAPE 370:370
2022-11-26 04:14:08,385 DEBUG                  - depth 0, hash 73a09af, HEAD~1199
2022-11-26 04:14:08,389 DEBUG                  - depth 1, hash a244767, HEAD~1222
2022-11-26 04:14:08,392 DEBUG    [line range] org/apache/commons/lang3/text/translate/EntityArrays.java HTML40_EXTENDED_ESCAPE 147:147
2022-11-26 04:14:08,470 DEBUG                  - depth 0, hash 73a09af, HEAD~1199
2022-11-26 04:14:08,474 DEBUG                  - depth 1, hash a244767, HEAD~1222
2022-11-26 04:14:08,476 DEBUG    [line range] org/apache/commons/lang3/text/translate/EntityArrays.java HTML40_EXTENDED_UNESCAPE 349:349
2022-11-26 04:14:08,555 DEBUG                  - depth 0, hash 73a09af, HEAD~1199
2022-11-26 04:14:08,559 DEBUG                  - depth 1, hash a244767, HEAD~1222
2022-11-26 04:14:08,562 DEBUG    [line range] org/apache/commons/lang3/text/translate/EntityArrays.java ISO8859_1_ESCAPE 34:34
2022-11-26 04:14:08,643 DEBUG                  - depth 0, hash 73a09af, HEAD~1199
2022-11-26 04:14:08,647 DEBUG                  - depth 1, hash a244767, HEAD~1222
2022-11-26 04:14:08,650 DEBUG    [line range] org/apache/commons/lang3/text/translate/EntityArrays.java ISO8859_1_UNESCAPE 138:138
2022-11-26 04:14:08,726 DEBUG                  - depth 0, hash 73a09af, HEAD~1199
2022-11-26 04:14:08,731 DEBUG                  - depth 1, hash a244767, HEAD~1222
2022-11-26 04:14:08,733 DEBUG    [line range] org/apache/commons/lang3/text/translate/EntityArrays.java JAVA_CTRL_CHARS_ESCAPE 395:395
2022-11-26 04:14:08,810 DEBUG                  - depth 0, hash 2e82b32, HEAD~1189
2022-11-26 04:14:08,815 DEBUG    [line range] org/apache/commons/lang3/text/translate/EntityArrays.java JAVA_CTRL_CHARS_UNESCAPE 408:408
2022-11-26 04:14:08,887 DEBUG                  - depth 0, hash 2e82b32, HEAD~1189
2022-11-26 04:14:08,890 DEBUG    [line range] org/apache/commons/lang3/text/translate/EntityArrays.java invert 416:423
2022-11-26 04:14:08,963 DEBUG                  - depth 0, hash 73a09af, HEAD~1199
2022-11-26 04:14:08,968 DEBUG                  - depth 1, hash a244767, HEAD~1222
2022-11-26 04:14:09,804 DEBUG    [line range] org/apache/commons/lang3/text/translate/LookupTranslator.java <init> 40:58
2022-11-26 04:14:09,882 DEBUG                  - depth 0, hash 838cd14, HEAD~378
2022-11-26 04:14:09,886 DEBUG                  - depth 1, hash 300f4dc, HEAD~379
2022-11-26 04:14:09,889 DEBUG                  - depth 2, hash 2a94524, HEAD~1117
2022-11-26 04:14:09,892 DEBUG                  - depth 3, hash 362fa77, HEAD~1202
2022-11-26 04:14:09,895 DEBUG                  - depth 4, hash a244767, HEAD~1222
2022-11-26 04:14:09,900 DEBUG    [line range] org/apache/commons/lang3/text/translate/LookupTranslator.java translate 63:79
2022-11-26 04:14:09,978 DEBUG                  - depth 0, hash 838cd14, HEAD~378
2022-11-26 04:14:09,983 DEBUG                  - depth 1, hash 7095a99, HEAD~1136
2022-11-26 04:14:09,986 DEBUG                  - depth 2, hash 362fa77, HEAD~1202
2022-11-26 04:14:09,988 DEBUG                  - depth 3, hash a244767, HEAD~1222
2022-11-26 04:14:10,861 DEBUG    [line range] org/apache/commons/lang3/text/translate/NumericEntityUnescaper.java <init> 56:62
2022-11-26 04:14:10,916 DEBUG                  - depth 0, hash c528388, HEAD~266
2022-11-26 04:14:10,920 DEBUG    [single line]   org/apache/commons/lang3/text/translate/NumericEntityUnescaper.java <clinit> 35
2022-11-26 04:14:10,986 DEBUG                  - depth 0, hash c528388, HEAD~266
2022-11-26 04:14:11,875 DEBUG    [line range] org/apache/commons/lang3/text/translate/OctalUnescaper.java <clinit> 36:36
2022-11-26 04:14:11,956 DEBUG                  - depth 0, hash d39f01b, HEAD~615
2022-11-26 04:14:11,960 DEBUG    [single line]   org/apache/commons/lang3/text/translate/OctalUnescaper.java <init> 34
2022-11-26 04:14:12,019 DEBUG                  - depth 0, hash d39f01b, HEAD~615
2022-11-26 04:14:12,755 DEBUG    [line range] org/apache/commons/lang3/text/translate/UnicodeEscaper.java <init> 51:55
2022-11-26 04:14:12,834 DEBUG                  - depth 0, hash ee82ee3, HEAD~290
2022-11-26 04:14:12,838 DEBUG                  - depth 1, hash 542a834, HEAD~408
2022-11-26 04:14:12,841 DEBUG                  - depth 2, hash e024834, HEAD~446
2022-11-26 04:14:12,844 DEBUG                  - depth 3, hash 0ab9356, HEAD~1116
2022-11-26 04:14:12,848 DEBUG                  - depth 4, hash 71b3d77, HEAD~1215
2022-11-26 04:14:12,851 DEBUG    [line range] org/apache/commons/lang3/text/translate/UnicodeEscaper.java outsideOf 84:86
2022-11-26 04:14:12,920 DEBUG                  - depth 0, hash ee82ee3, HEAD~290
2022-11-26 04:14:12,924 DEBUG                  - depth 1, hash 542a834, HEAD~408
2022-11-26 04:14:12,927 DEBUG                  - depth 2, hash e024834, HEAD~446
2022-11-26 04:14:12,931 DEBUG                  - depth 3, hash 0ab9356, HEAD~1116
2022-11-26 04:14:12,934 DEBUG                  - depth 4, hash 71b3d77, HEAD~1215
2022-11-26 04:14:13,682 DEBUG    [single line]   org/apache/commons/lang3/text/translate/UnicodeUnescaper.java <init> 30
2022-11-26 04:14:13,763 DEBUG                  - depth 0, hash a244767, HEAD~1222
2022-11-26 04:14:13,768 DEBUG    [line range] org/apache/commons/lang3/ClassUtils.java primitiveToWrapper 704:710
2022-11-26 04:14:13,849 DEBUG                  - depth 0, hash b044272, HEAD~1270
2022-11-26 04:14:13,853 DEBUG                  - depth 1, hash c457c16, HEAD~1925
2022-11-26 04:14:13,856 DEBUG                  - depth 2, hash 549e782, HEAD~1933
2022-11-26 04:14:13,860 DEBUG                  - depth 3, hash 8b12cda, HEAD~2518
2022-11-26 04:14:13,865 DEBUG    [line range] org/apache/commons/lang3/reflect/TypeUtils.java getTypeArguments 520:522
2022-11-26 04:14:13,942 DEBUG                  - depth 0, hash f34b4cc, HEAD~780
2022-11-26 04:14:13,948 DEBUG                  - depth 1, hash ef3ceb8, HEAD~1046
2022-11-26 04:14:13,952 INFO     The number of BIC candidates: 82
