2022-11-26 04:08:50,195 INFO     Search BICs for /tmp/Lang-8b/
2022-11-26 04:08:50,196 DEBUG    Reading the coverage of org.apache.commons.lang3.time.FastDatePrinterTest::testCalendarTimezoneRespected (failings)
2022-11-26 04:08:50,203 DEBUG    Reading the coverage of org.apache.commons.lang3.time.FastDateFormat_PrinterTest::testCalendarTimezoneRespected (failings)
2022-11-26 04:08:50,213 INFO     Loaded 2x308 Coverage Matrix
2022-11-26 04:08:50,215 INFO     The number of total commits: 3392
2022-11-26 04:08:51,092 DEBUG    [line range] org/apache/commons/lang3/time/FastDateFormat.java <clinit> 88:93
2022-11-26 04:08:51,248 DEBUG                  - depth 0, hash 85a7311, HEAD~124
2022-11-26 04:08:51,260 DEBUG                  - depth 1, hash 47ee02b, HEAD~492
2022-11-26 04:08:51,263 DEBUG                  - depth 2, hash 0637216, HEAD~1456
2022-11-26 04:08:51,265 DEBUG                  - depth 3, hash d3015ae, HEAD~3118
2022-11-26 04:08:51,268 DEBUG                  - depth 4, hash e794af9, HEAD~3120
2022-11-26 04:08:51,273 DEBUG    [line range] org/apache/commons/lang3/time/FastDateFormat.java <init> 368:371
2022-11-26 04:08:51,419 DEBUG                  - depth 0, hash 85a7311, HEAD~124
2022-11-26 04:08:51,426 DEBUG                  - depth 1, hash 2aa9dca, HEAD~384
2022-11-26 04:08:51,428 DEBUG                  - depth 2, hash d66d5da, HEAD~464
2022-11-26 04:08:51,432 DEBUG                  - depth 3, hash 47ee02b, HEAD~492
2022-11-26 04:08:51,435 DEBUG                  - depth 4, hash 5dff4cd, HEAD~619
2022-11-26 04:08:51,438 DEBUG                  - depth 5, hash cc8b82b, HEAD~1258
2022-11-26 04:08:51,441 DEBUG                  - depth 6, hash b044272, HEAD~1409
2022-11-26 04:08:51,446 DEBUG                  - depth 7, hash a4624a0, HEAD~2019
2022-11-26 04:08:51,449 DEBUG                  - depth 8, hash 1df3e07, HEAD~2415
2022-11-26 04:08:51,452 DEBUG                  - depth 9, hash 5e0cb6e, HEAD~2848
2022-11-26 04:08:51,458 DEBUG                  - depth 10, hash c66659d, HEAD~2926
2022-11-26 04:08:51,462 DEBUG                  - depth 11, hash 9839566, HEAD~2981
2022-11-26 04:08:51,465 DEBUG                  - depth 12, hash 87ea5b3, HEAD~3016
2022-11-26 04:08:51,467 DEBUG                  - depth 13, hash d3015ae, HEAD~3118
2022-11-26 04:08:51,470 DEBUG                  - depth 14, hash e794af9, HEAD~3120
2022-11-26 04:08:51,474 DEBUG    [line range] org/apache/commons/lang3/time/FastDateFormat.java format 418:421
2022-11-26 04:08:51,626 DEBUG                  - depth 0, hash beab55a, HEAD~92
2022-11-26 04:08:51,631 DEBUG                  - depth 1, hash 85a7311, HEAD~124
2022-11-26 04:08:51,634 DEBUG                  - depth 2, hash 87ea5b3, HEAD~3016
2022-11-26 04:08:51,636 DEBUG                  - depth 3, hash d3015ae, HEAD~3118
2022-11-26 04:08:51,639 DEBUG                  - depth 4, hash e794af9, HEAD~3120
2022-11-26 04:08:51,642 DEBUG    [line range] org/apache/commons/lang3/time/FastDateFormat.java getInstance 118:120
2022-11-26 04:08:51,774 DEBUG                  - depth 0, hash 47ee02b, HEAD~492
2022-11-26 04:08:51,779 DEBUG                  - depth 1, hash 87ea5b3, HEAD~3016
2022-11-26 04:08:51,782 DEBUG                  - depth 2, hash d3015ae, HEAD~3118
2022-11-26 04:08:51,785 DEBUG                  - depth 3, hash e794af9, HEAD~3120
2022-11-26 04:08:51,788 DEBUG    [line range] org/apache/commons/lang3/time/FastDateFormat.java createInstance 88:93
2022-11-26 04:08:51,946 DEBUG                  - depth 0, hash 85a7311, HEAD~124
2022-11-26 04:08:51,951 DEBUG                  - depth 1, hash 47ee02b, HEAD~492
2022-11-26 04:08:51,957 DEBUG                  - depth 2, hash 0637216, HEAD~1456
2022-11-26 04:08:51,962 DEBUG                  - depth 3, hash d3015ae, HEAD~3118
2022-11-26 04:08:51,966 DEBUG                  - depth 4, hash e794af9, HEAD~3120
2022-11-26 04:08:51,973 DEBUG    [line range] org/apache/commons/lang3/time/FastDateFormat.java createInstance 88:93
2022-11-26 04:08:52,163 DEBUG                  - depth 0, hash 85a7311, HEAD~124
2022-11-26 04:08:52,170 DEBUG                  - depth 1, hash 47ee02b, HEAD~492
2022-11-26 04:08:52,175 DEBUG                  - depth 2, hash 0637216, HEAD~1456
2022-11-26 04:08:52,179 DEBUG                  - depth 3, hash d3015ae, HEAD~3118
2022-11-26 04:08:52,183 DEBUG                  - depth 4, hash e794af9, HEAD~3120
2022-11-26 04:08:53,382 DEBUG    [line range] org/apache/commons/lang3/time/FastDateParser.java <clinit> 73:73
2022-11-26 04:08:53,545 DEBUG                  - depth 0, hash bf0080b, HEAD~17
2022-11-26 04:08:53,550 DEBUG                  - depth 1, hash 85a7311, HEAD~124
2022-11-26 04:08:53,554 DEBUG    [line range] org/apache/commons/lang3/time/FastDateParser.java <init> 97:102
2022-11-26 04:08:53,639 DEBUG                  - depth 0, hash 8c1980e, HEAD~13
2022-11-26 04:08:53,643 DEBUG                  - depth 1, hash 85a7311, HEAD~124
2022-11-26 04:08:53,647 DEBUG    [single line]   org/apache/commons/lang3/time/FastDateParser.java access$100 65
2022-11-26 04:08:53,740 DEBUG                  - depth 0, hash 85a7311, HEAD~124
2022-11-26 04:08:53,745 DEBUG    [line range] org/apache/commons/lang3/time/FastDateParser.java escapeRegex 299:335
2022-11-26 04:08:53,840 DEBUG                  - depth 0, hash 30c33a7, HEAD~3
2022-11-26 04:08:53,845 DEBUG                  - depth 1, hash afe5dff, HEAD~11
2022-11-26 04:08:53,847 DEBUG                  - depth 2, hash 85a7311, HEAD~124
2022-11-26 04:08:53,850 DEBUG    [line range] org/apache/commons/lang3/time/FastDateParser.java getCache 475:482
2022-11-26 04:08:53,951 DEBUG                  - depth 0, hash 29e5d1a, HEAD~5
2022-11-26 04:08:53,956 DEBUG                  - depth 1, hash 85a7311, HEAD~124
2022-11-26 04:08:53,959 DEBUG    [line range] org/apache/commons/lang3/time/FastDateParser.java getDisplayNames 345:347
2022-11-26 04:08:54,063 DEBUG                  - depth 0, hash 197ecf5, HEAD~4
2022-11-26 04:08:54,068 DEBUG                  - depth 1, hash 29e5d1a, HEAD~5
2022-11-26 04:08:54,074 DEBUG                  - depth 2, hash 4b28bdf, HEAD~9
2022-11-26 04:08:54,077 DEBUG                  - depth 3, hash 8c1980e, HEAD~13
2022-11-26 04:08:54,081 DEBUG                  - depth 4, hash 209d8f1, HEAD~16
2022-11-26 04:08:54,085 DEBUG                  - depth 5, hash 22f04e2, HEAD~24
2022-11-26 04:08:54,090 DEBUG                  - depth 6, hash 01ca008, HEAD~46
2022-11-26 04:08:54,094 DEBUG                  - depth 7, hash 80807b3, HEAD~120
2022-11-26 04:08:54,099 DEBUG                  - depth 8, hash 85a7311, HEAD~124
2022-11-26 04:08:54,104 DEBUG    [line range] org/apache/commons/lang3/time/FastDateParser.java getLocaleSpecificStrategy 491:504
2022-11-26 04:08:54,203 DEBUG                  - depth 0, hash 197ecf5, HEAD~4
2022-11-26 04:08:54,208 DEBUG                  - depth 1, hash 29e5d1a, HEAD~5
2022-11-26 04:08:54,211 DEBUG                  - depth 2, hash 85a7311, HEAD~124
2022-11-26 04:08:54,214 DEBUG    [line range] org/apache/commons/lang3/time/FastDateParser.java getStrategy 418:465
2022-11-26 04:08:54,302 DEBUG                  - depth 0, hash 29e5d1a, HEAD~5
2022-11-26 04:08:54,308 DEBUG                  - depth 1, hash a00d1ff, HEAD~47
2022-11-26 04:08:54,311 DEBUG                  - depth 2, hash 85a7311, HEAD~124
2022-11-26 04:08:54,315 DEBUG    [line range] org/apache/commons/lang3/time/FastDateParser.java init 108:146
2022-11-26 04:08:54,413 DEBUG                  - depth 0, hash 29e5d1a, HEAD~5
2022-11-26 04:08:54,417 DEBUG                  - depth 1, hash fba4da4, HEAD~8
2022-11-26 04:08:54,422 DEBUG                  - depth 2, hash c45d5bf, HEAD~10
2022-11-26 04:08:54,424 DEBUG                  - depth 3, hash 8c1980e, HEAD~13
2022-11-26 04:08:54,427 DEBUG                  - depth 4, hash 209d8f1, HEAD~16
2022-11-26 04:08:54,430 DEBUG                  - depth 5, hash bf0080b, HEAD~17
2022-11-26 04:08:54,435 DEBUG                  - depth 6, hash 19b86ba, HEAD~23
2022-11-26 04:08:54,439 DEBUG                  - depth 7, hash 85a7311, HEAD~124
2022-11-26 04:08:54,442 DEBUG    [line range] org/apache/commons/lang3/time/FastDateParser.java isNextNumber 366:368
2022-11-26 04:08:54,526 DEBUG                  - depth 0, hash 85a7311, HEAD~124
2022-11-26 04:08:54,530 DEBUG    [line range] org/apache/commons/lang3/time/FastDateParser.java <init> 660:672
2022-11-26 04:08:54,700 DEBUG                  - depth 0, hash 85a7311, HEAD~124
2022-11-26 04:08:54,707 DEBUG    [line range] org/apache/commons/lang3/time/FastDateParser.java <init> 516:518
2022-11-26 04:08:54,820 DEBUG                  - depth 0, hash 85a7311, HEAD~124
2022-11-26 04:08:54,825 DEBUG    [line range] org/apache/commons/lang3/time/FastDateParser.java addRegex 535:539
2022-11-26 04:08:54,910 DEBUG                  - depth 0, hash beab55a, HEAD~92
2022-11-26 04:08:54,914 DEBUG                  - depth 1, hash 85a7311, HEAD~124
2022-11-26 04:08:54,917 DEBUG    [line range] org/apache/commons/lang3/time/FastDateParser.java isNumber 523:530
2022-11-26 04:08:54,998 DEBUG                  - depth 0, hash 8c1980e, HEAD~13
2022-11-26 04:08:55,002 DEBUG                  - depth 1, hash beab55a, HEAD~92
2022-11-26 04:08:55,006 DEBUG                  - depth 2, hash 85a7311, HEAD~124
2022-11-26 04:08:55,009 DEBUG    [line range] org/apache/commons/lang3/time/FastDateParser.java <init> 560:563
2022-11-26 04:08:55,090 DEBUG                  - depth 0, hash 29e5d1a, HEAD~5
2022-11-26 04:08:55,095 DEBUG                  - depth 1, hash 85a7311, HEAD~124
2022-11-26 04:08:55,099 DEBUG    [line range] org/apache/commons/lang3/time/FastDateParser.java <init> 680:680
2022-11-26 04:08:55,182 DEBUG                  - depth 0, hash 85a7311, HEAD~124
2022-11-26 04:08:56,129 DEBUG    [line range] org/apache/commons/lang3/time/FastDatePrinter.java <clinit> 1067:1068
2022-11-26 04:08:56,205 DEBUG                  - depth 0, hash 85a7311, HEAD~124
2022-11-26 04:08:56,209 DEBUG    [line range] org/apache/commons/lang3/time/FastDatePrinter.java <init> 136:142
2022-11-26 04:08:56,281 DEBUG                  - depth 0, hash 85a7311, HEAD~124
2022-11-26 04:08:56,286 DEBUG    [line range] org/apache/commons/lang3/time/FastDatePrinter.java applyRules 452:457
2022-11-26 04:08:56,358 DEBUG                  - depth 0, hash 85a7311, HEAD~124
2022-11-26 04:08:56,362 DEBUG    [line range] org/apache/commons/lang3/time/FastDatePrinter.java format 413:416
2022-11-26 04:08:56,434 DEBUG                  - depth 0, hash beab55a, HEAD~92
2022-11-26 04:08:56,439 DEBUG                  - depth 1, hash 85a7311, HEAD~124
2022-11-26 04:08:56,441 DEBUG    [line range] org/apache/commons/lang3/time/FastDatePrinter.java format 439:442
2022-11-26 04:08:56,510 DEBUG                  - depth 0, hash beab55a, HEAD~92
2022-11-26 04:08:56,514 DEBUG                  - depth 1, hash 85a7311, HEAD~124
2022-11-26 04:08:56,516 DEBUG    [line range] org/apache/commons/lang3/time/FastDatePrinter.java getTimeZoneDisplay 1078:1090
2022-11-26 04:08:56,591 DEBUG                  - depth 0, hash 85a7311, HEAD~124
2022-11-26 04:08:56,595 DEBUG    [line range] org/apache/commons/lang3/time/FastDatePrinter.java init 147:157
2022-11-26 04:08:56,669 DEBUG                  - depth 0, hash 85a7311, HEAD~124
2022-11-26 04:08:56,673 DEBUG    [line range] org/apache/commons/lang3/time/FastDatePrinter.java parsePattern 167:288
2022-11-26 04:08:56,749 DEBUG                  - depth 0, hash 85a7311, HEAD~124
2022-11-26 04:08:56,755 DEBUG    [line range] org/apache/commons/lang3/time/FastDatePrinter.java parseToken 297:347
2022-11-26 04:08:56,827 DEBUG                  - depth 0, hash 85a7311, HEAD~124
2022-11-26 04:08:56,831 DEBUG    [line range] org/apache/commons/lang3/time/FastDatePrinter.java selectNumberRule 356:365
2022-11-26 04:08:56,923 DEBUG                  - depth 0, hash 85a7311, HEAD~124
2022-11-26 04:08:56,928 DEBUG    [line range] org/apache/commons/lang3/time/FastDatePrinter.java <init> 599:601
2022-11-26 04:08:57,009 DEBUG                  - depth 0, hash 85a7311, HEAD~124
2022-11-26 04:08:57,015 DEBUG    [line range] org/apache/commons/lang3/time/FastDatePrinter.java appendTo 614:617
2022-11-26 04:08:57,092 DEBUG                  - depth 0, hash beab55a, HEAD~92
2022-11-26 04:08:57,097 DEBUG                  - depth 1, hash 85a7311, HEAD~124
2022-11-26 04:08:57,099 DEBUG    [line range] org/apache/commons/lang3/time/FastDatePrinter.java estimateLength 606:609
2022-11-26 04:08:57,173 DEBUG                  - depth 0, hash beab55a, HEAD~92
2022-11-26 04:08:57,177 DEBUG                  - depth 1, hash 85a7311, HEAD~124
2022-11-26 04:08:57,180 DEBUG    [line range] org/apache/commons/lang3/time/FastDatePrinter.java <init> 667:670
2022-11-26 04:08:57,253 DEBUG                  - depth 0, hash 85a7311, HEAD~124
2022-11-26 04:08:57,258 DEBUG    [line range] org/apache/commons/lang3/time/FastDatePrinter.java <init> 1207:1215
2022-11-26 04:08:57,330 DEBUG                  - depth 0, hash 85a7311, HEAD~124
2022-11-26 04:08:57,335 DEBUG    [line range] org/apache/commons/lang3/time/FastDatePrinter.java hashCode 1220:1223
2022-11-26 04:08:57,407 DEBUG                  - depth 0, hash 85a7311, HEAD~124
2022-11-26 04:08:57,411 DEBUG    [line range] org/apache/commons/lang3/time/FastDatePrinter.java <init> 1107:1112
2022-11-26 04:08:57,479 DEBUG                  - depth 0, hash 85a7311, HEAD~124
2022-11-26 04:08:57,483 DEBUG    [line range] org/apache/commons/lang3/time/FastDatePrinter.java <init> 987:989
2022-11-26 04:08:57,555 DEBUG                  - depth 0, hash 85a7311, HEAD~124
2022-11-26 04:08:57,559 DEBUG    [line range] org/apache/commons/lang3/time/FastDatePrinter.java <init> 863:865
2022-11-26 04:08:57,630 DEBUG                  - depth 0, hash 85a7311, HEAD~124
2022-11-26 04:08:57,634 DEBUG    [line range] org/apache/commons/lang3/time/FastDatePrinter.java appendTo 886:894
2022-11-26 04:08:57,705 DEBUG                  - depth 0, hash beab55a, HEAD~92
2022-11-26 04:08:57,709 DEBUG                  - depth 1, hash 85a7311, HEAD~124
2022-11-26 04:08:58,504 DEBUG    [line range] org/apache/commons/lang3/time/FormatCache.java <clinit> 44:45
2022-11-26 04:08:58,578 DEBUG                  - depth 0, hash 85a7311, HEAD~124
2022-11-26 04:08:58,582 DEBUG                  - depth 1, hash 47ee02b, HEAD~492
2022-11-26 04:08:58,587 DEBUG    [single line]   org/apache/commons/lang3/time/FormatCache.java <init> 35
2022-11-26 04:08:58,659 DEBUG                  - depth 0, hash 47ee02b, HEAD~492
2022-11-26 04:08:58,663 DEBUG    [line range] org/apache/commons/lang3/time/FormatCache.java <init> 41:42
2022-11-26 04:08:58,738 DEBUG                  - depth 0, hash 47ee02b, HEAD~492
2022-11-26 04:08:58,742 DEBUG    [line range] org/apache/commons/lang3/time/FormatCache.java getInstance 69:91
2022-11-26 04:08:58,815 DEBUG                  - depth 0, hash 47ee02b, HEAD~492
2022-11-26 04:08:58,820 DEBUG    [line range] org/apache/commons/lang3/time/FormatCache.java <init> 179:181
2022-11-26 04:08:58,893 DEBUG                  - depth 0, hash 47ee02b, HEAD~492
2022-11-26 04:08:58,897 DEBUG    [line range] org/apache/commons/lang3/time/FormatCache.java hashCode 197:209
2022-11-26 04:08:58,970 DEBUG                  - depth 0, hash 47ee02b, HEAD~492
2022-11-26 04:08:58,975 INFO     The number of BIC candidates: 32
