2022-11-26 04:27:22,551 INFO     Search BICs for /tmp/Lang-34b/
2022-11-26 04:27:22,552 DEBUG    Reading the coverage of org.apache.commons.lang3.builder.ToStringBuilderTest::testReflectionyteArray (failings)
2022-11-26 04:27:22,571 DEBUG    Reading the coverage of org.apache.commons.lang3.builder.ToStringBuilderTest::testReflectionArrayArrayCycle (failings)
2022-11-26 04:27:22,593 DEBUG    Reading the coverage of org.apache.commons.lang3.builder.ToStringBuilderTest::testReflectionObjectArray (failings)
2022-11-26 04:27:22,619 DEBUG    Reading the coverage of org.apache.commons.lang3.builder.ToStringBuilderTest::testReflectionBooleanArray (failings)
2022-11-26 04:27:22,641 DEBUG    Reading the coverage of org.apache.commons.lang3.builder.ToStringBuilderTest::testReflectionArrayCycleLevel2 (failings)
2022-11-26 04:27:22,660 DEBUG    Reading the coverage of org.apache.commons.lang3.builder.ToStringBuilderTest::testReflectionFloatArray (failings)
2022-11-26 04:27:22,671 DEBUG    Reading the coverage of org.apache.commons.lang3.builder.ToStringBuilderTest::testReflectionhortArrayArray (failings)
2022-11-26 04:27:22,686 DEBUG    Reading the coverage of org.apache.commons.lang3.builder.ToStringBuilderTest::testReflectionDoubleArrayArray (failings)
2022-11-26 04:27:22,707 DEBUG    Reading the coverage of org.apache.commons.lang3.builder.ToStringBuilderTest::testSimpleReflectionObjectCycle (failings)
2022-11-26 04:27:22,748 DEBUG    Reading the coverage of org.apache.commons.lang3.builder.ToStringBuilderTest::testReflectionArrayCycle (failings)
2022-11-26 04:27:22,765 DEBUG    Reading the coverage of org.apache.commons.lang3.builder.ToStringBuilderTest::testReflectionIntArrayArray (failings)
2022-11-26 04:27:22,776 DEBUG    Reading the coverage of org.apache.commons.lang3.builder.ToStringBuilderTest::testReflectionBooleanArrayArray (failings)
2022-11-26 04:27:22,784 DEBUG    Reading the coverage of org.apache.commons.lang3.builder.ToStringBuilderTest::testReflectionCharArrayArray (failings)
2022-11-26 04:27:22,796 DEBUG    Reading the coverage of org.apache.commons.lang3.builder.ToStringBuilderTest::testObjectCycle (failings)
2022-11-26 04:27:22,805 DEBUG    Reading the coverage of org.apache.commons.lang3.builder.ToStringBuilderTest::testReflectionHierarchy (failings)
2022-11-26 04:27:22,814 DEBUG    Reading the coverage of org.apache.commons.lang3.builder.ToStringBuilderTest::testReflectionArrayAndObjectCycle (failings)
2022-11-26 04:27:22,827 DEBUG    Reading the coverage of org.apache.commons.lang3.builder.ToStringBuilderTest::testSelfInstanceTwoVarsReflectionObjectCycle (failings)
2022-11-26 04:27:22,837 DEBUG    Reading the coverage of org.apache.commons.lang3.builder.ToStringBuilderTest::testReflectionLongArray (failings)
2022-11-26 04:27:22,847 DEBUG    Reading the coverage of org.apache.commons.lang3.builder.ToStringBuilderTest::testReflectionObjectCycle (failings)
2022-11-26 04:27:22,859 DEBUG    Reading the coverage of org.apache.commons.lang3.builder.ToStringBuilderTest::testReflectionByteArrayArray (failings)
2022-11-26 04:27:22,887 DEBUG    Reading the coverage of org.apache.commons.lang3.builder.ToStringBuilderTest::testReflectionDoubleArray (failings)
2022-11-26 04:27:22,897 DEBUG    Reading the coverage of org.apache.commons.lang3.builder.ToStringBuilderTest::testSelfInstanceVarReflectionObjectCycle (failings)
2022-11-26 04:27:22,909 DEBUG    Reading the coverage of org.apache.commons.lang3.builder.ToStringBuilderTest::testReflectionLongArrayArray (failings)
2022-11-26 04:27:22,918 DEBUG    Reading the coverage of org.apache.commons.lang3.builder.ToStringBuilderTest::testReflectionCharArray (failings)
2022-11-26 04:27:22,930 DEBUG    Reading the coverage of org.apache.commons.lang3.builder.ToStringBuilderTest::testReflectionShortArray (failings)
2022-11-26 04:27:22,940 DEBUG    Reading the coverage of org.apache.commons.lang3.builder.ToStringBuilderTest::testReflectionIntArray (failings)
2022-11-26 04:27:22,949 DEBUG    Reading the coverage of org.apache.commons.lang3.builder.ToStringBuilderTest::testReflectionFloatArrayArray (failings)
2022-11-26 04:27:22,960 INFO     Loaded 27x456 Coverage Matrix
2022-11-26 04:27:22,961 INFO     The number of total commits: 2357
2022-11-26 04:27:24,156 DEBUG    [line range] org/apache/commons/lang3/SystemUtils.java <clinit> 87:87
2022-11-26 04:27:24,221 DEBUG                  - depth 0, hash b20ba54, HEAD~1532
2022-11-26 04:27:24,235 DEBUG    [line range] org/apache/commons/lang3/SystemUtils.java getJavaVersionAsFloat 1132:1145
2022-11-26 04:27:24,310 DEBUG                  - depth 0, hash 341c6c0, HEAD~1004
2022-11-26 04:27:24,314 DEBUG                  - depth 1, hash 6a23fd6, HEAD~1318
2022-11-26 04:27:24,317 DEBUG                  - depth 2, hash 2077c6c, HEAD~1971
2022-11-26 04:27:24,323 DEBUG    [line range] org/apache/commons/lang3/SystemUtils.java getJavaVersionAsInt 1161:1177
2022-11-26 04:27:24,400 DEBUG                  - depth 0, hash 341c6c0, HEAD~1004
2022-11-26 04:27:24,405 DEBUG                  - depth 1, hash 6a23fd6, HEAD~1318
2022-11-26 04:27:24,409 DEBUG                  - depth 2, hash 2077c6c, HEAD~1971
2022-11-26 04:27:24,412 DEBUG    [line range] org/apache/commons/lang3/SystemUtils.java getJavaVersionMatches 1202:1207
2022-11-26 04:27:24,482 DEBUG                  - depth 0, hash 6a23fd6, HEAD~1318
2022-11-26 04:27:24,485 DEBUG                  - depth 1, hash 22ae648, HEAD~1959
2022-11-26 04:27:24,493 DEBUG    [line range] org/apache/commons/lang3/SystemUtils.java getJavaVersionTrimmed 1184:1194
2022-11-26 04:27:24,561 DEBUG                  - depth 0, hash 6a23fd6, HEAD~1318
2022-11-26 04:27:24,566 DEBUG    [line range] org/apache/commons/lang3/SystemUtils.java getOSMatches 1215:1220
2022-11-26 04:27:24,641 DEBUG                  - depth 0, hash 7543998, HEAD~1968
2022-11-26 04:27:24,645 DEBUG                  - depth 1, hash 2077c6c, HEAD~1971
2022-11-26 04:27:24,648 DEBUG                  - depth 2, hash 968ff83, HEAD~2297
2022-11-26 04:27:24,651 DEBUG                  - depth 3, hash e2668e7, HEAD~2306
2022-11-26 04:27:24,656 DEBUG    [line range] org/apache/commons/lang3/SystemUtils.java getOSMatches 1229:1234
2022-11-26 04:27:24,733 DEBUG                  - depth 0, hash 7543998, HEAD~1968
2022-11-26 04:27:24,743 DEBUG                  - depth 1, hash 2077c6c, HEAD~1971
2022-11-26 04:27:24,746 DEBUG    [line range] org/apache/commons/lang3/SystemUtils.java getSystemProperty 1247:1258
2022-11-26 04:27:24,840 DEBUG                  - depth 0, hash de98e6c, HEAD~1495
2022-11-26 04:27:24,845 DEBUG                  - depth 1, hash a168f2e, HEAD~1958
2022-11-26 04:27:24,847 DEBUG                  - depth 2, hash 22ae648, HEAD~1959
2022-11-26 04:27:24,850 DEBUG                  - depth 3, hash 2077c6c, HEAD~1971
2022-11-26 04:27:24,853 DEBUG                  - depth 4, hash 968ff83, HEAD~2297
2022-11-26 04:27:24,857 DEBUG                  - depth 5, hash e2668e7, HEAD~2306
2022-11-26 04:27:25,930 DEBUG    [line range] org/apache/commons/lang3/builder/ReflectionToStringBuilder.java <init> 372:372
2022-11-26 04:27:25,998 DEBUG                  - depth 0, hash 87880f2, HEAD~1617
2022-11-26 04:27:26,002 DEBUG    [line range] org/apache/commons/lang3/builder/ReflectionToStringBuilder.java appendFieldsIn 525:549
2022-11-26 04:27:26,067 DEBUG                  - depth 0, hash 0b8e933, HEAD~346
2022-11-26 04:27:26,073 DEBUG                  - depth 1, hash b044272, HEAD~374
2022-11-26 04:27:26,076 DEBUG                  - depth 2, hash 43b2a5b, HEAD~769
2022-11-26 04:27:26,080 DEBUG                  - depth 3, hash e6b7d55, HEAD~1048
2022-11-26 04:27:26,082 DEBUG                  - depth 4, hash ab5e536, HEAD~1269
2022-11-26 04:27:26,085 DEBUG                  - depth 5, hash 8dc2574, HEAD~1573
2022-11-26 04:27:26,090 DEBUG                  - depth 6, hash c0a363c, HEAD~1841
2022-11-26 04:27:26,093 DEBUG                  - depth 7, hash 7e39b63, HEAD~1954
2022-11-26 04:27:26,096 DEBUG    [line range] org/apache/commons/lang3/builder/ReflectionToStringBuilder.java getUpToClass 565:567
2022-11-26 04:27:26,160 DEBUG                  - depth 0, hash b044272, HEAD~374
2022-11-26 04:27:26,164 DEBUG                  - depth 1, hash 7e39b63, HEAD~1954
2022-11-26 04:27:26,166 DEBUG    [line range] org/apache/commons/lang3/builder/ReflectionToStringBuilder.java reflectionAppendArray 621:624
2022-11-26 04:27:26,248 DEBUG                  - depth 0, hash 5ef9115, HEAD~183
2022-11-26 04:27:26,252 DEBUG                  - depth 1, hash 0e3abb1, HEAD~344
2022-11-26 04:27:26,258 DEBUG                  - depth 2, hash 7e39b63, HEAD~1954
2022-11-26 04:27:26,261 DEBUG    [line range] org/apache/commons/lang3/builder/ReflectionToStringBuilder.java setAppendStatics 635:637
2022-11-26 04:27:26,332 DEBUG                  - depth 0, hash 87880f2, HEAD~1617
2022-11-26 04:27:26,340 DEBUG    [line range] org/apache/commons/lang3/builder/ReflectionToStringBuilder.java setAppendTransients 647:649
2022-11-26 04:27:26,407 DEBUG                  - depth 0, hash 7e39b63, HEAD~1954
2022-11-26 04:27:26,411 DEBUG    [line range] org/apache/commons/lang3/builder/ReflectionToStringBuilder.java setUpToClass 676:684
2022-11-26 04:27:26,482 DEBUG                  - depth 0, hash 5ef9115, HEAD~183
2022-11-26 04:27:26,487 DEBUG                  - depth 1, hash 0e3abb1, HEAD~344
2022-11-26 04:27:26,494 DEBUG                  - depth 2, hash b044272, HEAD~374
2022-11-26 04:27:26,497 DEBUG                  - depth 3, hash 7e39b63, HEAD~1954
2022-11-26 04:27:26,500 DEBUG    [line range] org/apache/commons/lang3/builder/ReflectionToStringBuilder.java toString 693:705
2022-11-26 04:27:26,575 DEBUG                  - depth 0, hash b044272, HEAD~374
2022-11-26 04:27:26,579 DEBUG                  - depth 1, hash 6170f07, HEAD~434
2022-11-26 04:27:26,582 DEBUG                  - depth 2, hash 7e39b63, HEAD~1954
2022-11-26 04:27:26,586 DEBUG    [line range] org/apache/commons/lang3/builder/ReflectionToStringBuilder.java toString 122:124
2022-11-26 04:27:26,664 DEBUG                  - depth 0, hash 87880f2, HEAD~1617
2022-11-26 04:27:26,672 DEBUG                  - depth 1, hash 7e39b63, HEAD~1954
2022-11-26 04:27:26,678 DEBUG    [line range] org/apache/commons/lang3/builder/ReflectionToStringBuilder.java toString 287:292
2022-11-26 04:27:26,759 DEBUG                  - depth 0, hash 5ef9115, HEAD~183
2022-11-26 04:27:26,763 DEBUG                  - depth 1, hash 0e3abb1, HEAD~344
2022-11-26 04:27:26,766 DEBUG                  - depth 2, hash b044272, HEAD~374
2022-11-26 04:27:26,771 DEBUG                  - depth 3, hash 8dc2574, HEAD~1573
2022-11-26 04:27:26,775 DEBUG                  - depth 4, hash 87880f2, HEAD~1617
2022-11-26 04:27:26,778 DEBUG                  - depth 5, hash 7e39b63, HEAD~1954
2022-11-26 04:27:27,992 DEBUG    [line range] org/apache/commons/lang3/builder/ToStringBuilder.java <clinit> 97:97
2022-11-26 04:27:28,060 DEBUG                  - depth 0, hash 3f0e542, HEAD~180
2022-11-26 04:27:28,064 DEBUG                  - depth 1, hash f5144f0, HEAD~1955
2022-11-26 04:27:28,066 DEBUG    [line range] org/apache/commons/lang3/builder/ToStringBuilder.java <init> 254:266
2022-11-26 04:27:28,136 DEBUG                  - depth 0, hash 5ef9115, HEAD~183
2022-11-26 04:27:28,141 DEBUG                  - depth 1, hash 0e3abb1, HEAD~344
2022-11-26 04:27:28,143 DEBUG                  - depth 2, hash 34aa8b0, HEAD~1455
2022-11-26 04:27:28,146 DEBUG                  - depth 3, hash f5144f0, HEAD~1955
2022-11-26 04:27:28,148 DEBUG                  - depth 4, hash 78c1461, HEAD~2132
2022-11-26 04:27:28,155 DEBUG    [line range] org/apache/commons/lang3/builder/ToStringBuilder.java getDefaultStyle 119:121
2022-11-26 04:27:28,254 DEBUG                  - depth 0, hash f5144f0, HEAD~1955
2022-11-26 04:27:28,271 DEBUG                  - depth 1, hash 1a41190, HEAD~2257
2022-11-26 04:27:28,286 DEBUG    [line range] org/apache/commons/lang3/builder/ToStringBuilder.java getObject 1023:1025
2022-11-26 04:27:28,377 DEBUG                  - depth 0, hash 5ef9115, HEAD~183
2022-11-26 04:27:28,381 DEBUG                  - depth 1, hash 0e3abb1, HEAD~344
2022-11-26 04:27:28,383 DEBUG                  - depth 2, hash 87880f2, HEAD~1617
2022-11-26 04:27:28,389 DEBUG    [line range] org/apache/commons/lang3/builder/ToStringBuilder.java getStringBuffer 1032:1034
2022-11-26 04:27:28,474 DEBUG                  - depth 0, hash f5144f0, HEAD~1955
2022-11-26 04:27:28,482 DEBUG                  - depth 1, hash 1a41190, HEAD~2257
2022-11-26 04:27:28,488 DEBUG    [line range] org/apache/commons/lang3/builder/ToStringBuilder.java getStyle 1044:1046
2022-11-26 04:27:28,557 DEBUG                  - depth 0, hash 78c1461, HEAD~2132
2022-11-26 04:27:28,562 DEBUG    [line range] org/apache/commons/lang3/builder/ToStringBuilder.java reflectionToString 154:156
2022-11-26 04:27:28,624 DEBUG                  - depth 0, hash 7e39b63, HEAD~1954
2022-11-26 04:27:28,628 DEBUG                  - depth 1, hash b14cf8f, HEAD~2089
2022-11-26 04:27:28,631 DEBUG                  - depth 2, hash 1a41190, HEAD~2257
2022-11-26 04:27:28,635 DEBUG    [line range] org/apache/commons/lang3/builder/ToStringBuilder.java toString 1058:1066
2022-11-26 04:27:28,703 DEBUG                  - depth 0, hash 6170f07, HEAD~434
2022-11-26 04:27:28,706 DEBUG                  - depth 1, hash f4b9657, HEAD~1452
2022-11-26 04:27:28,709 DEBUG                  - depth 2, hash 34aa8b0, HEAD~1455
2022-11-26 04:27:28,712 DEBUG                  - depth 3, hash 1a41190, HEAD~2257
2022-11-26 04:27:29,795 DEBUG    [line range] org/apache/commons/lang3/builder/ToStringStyle.java <clinit> 82:82
2022-11-26 04:27:29,868 DEBUG                  - depth 0, hash 1a41190, HEAD~2257
2022-11-26 04:27:29,872 DEBUG    [line range] org/apache/commons/lang3/builder/ToStringStyle.java <init> 220:220
2022-11-26 04:27:29,942 DEBUG                  - depth 0, hash 8f75637, HEAD~2239
2022-11-26 04:27:29,946 DEBUG                  - depth 1, hash 1a41190, HEAD~2257
2022-11-26 04:27:29,949 DEBUG    [line range] org/apache/commons/lang3/builder/ToStringStyle.java appendClassName 1449:1458
2022-11-26 04:27:30,018 DEBUG                  - depth 0, hash 8ef5603, HEAD~768
2022-11-26 04:27:30,022 DEBUG                  - depth 1, hash 43b2a5b, HEAD~769
2022-11-26 04:27:30,025 DEBUG                  - depth 2, hash 34aa8b0, HEAD~1455
2022-11-26 04:27:30,028 DEBUG                  - depth 3, hash 1a41190, HEAD~2257
2022-11-26 04:27:30,032 DEBUG    [line range] org/apache/commons/lang3/builder/ToStringStyle.java appendContentEnd 1488:1490
2022-11-26 04:27:30,103 DEBUG                  - depth 0, hash 78c1461, HEAD~2132
2022-11-26 04:27:30,107 DEBUG                  - depth 1, hash 1a41190, HEAD~2257
2022-11-26 04:27:30,109 DEBUG    [line range] org/apache/commons/lang3/builder/ToStringStyle.java appendContentStart 1479:1481
2022-11-26 04:27:30,172 DEBUG                  - depth 0, hash 1a41190, HEAD~2257
2022-11-26 04:27:30,176 DEBUG    [line range] org/apache/commons/lang3/builder/ToStringStyle.java appendDetail 592:594
2022-11-26 04:27:30,241 DEBUG                  - depth 0, hash 1a41190, HEAD~2257
2022-11-26 04:27:30,245 DEBUG    [line range] org/apache/commons/lang3/builder/ToStringStyle.java appendEnd 392:398
2022-11-26 04:27:30,315 DEBUG                  - depth 0, hash 43b2a5b, HEAD~769
2022-11-26 04:27:30,319 DEBUG                  - depth 1, hash f4b9657, HEAD~1452
2022-11-26 04:27:30,322 DEBUG                  - depth 2, hash 34aa8b0, HEAD~1455
2022-11-26 04:27:30,324 DEBUG                  - depth 3, hash 78c1461, HEAD~2132
2022-11-26 04:27:30,326 DEBUG                  - depth 4, hash 1a41190, HEAD~2257
2022-11-26 04:27:30,329 DEBUG    [line range] org/apache/commons/lang3/builder/ToStringStyle.java appendIdentityHashCode 1466:1472
2022-11-26 04:27:30,396 DEBUG                  - depth 0, hash 8ef5603, HEAD~768
2022-11-26 04:27:30,401 DEBUG                  - depth 1, hash 43b2a5b, HEAD~769
2022-11-26 04:27:30,403 DEBUG                  - depth 2, hash 34aa8b0, HEAD~1455
2022-11-26 04:27:30,408 DEBUG                  - depth 3, hash 1a41190, HEAD~2257
2022-11-26 04:27:30,413 DEBUG    [line range] org/apache/commons/lang3/builder/ToStringStyle.java appendInternal 468:565
2022-11-26 04:27:30,481 DEBUG                  - depth 0, hash 3f900a7, HEAD~0
2022-11-26 04:27:30,485 DEBUG                  - depth 1, hash f9ff103, HEAD~213
2022-11-26 04:27:30,487 DEBUG                  - depth 2, hash 8ef5603, HEAD~768
2022-11-26 04:27:30,490 DEBUG                  - depth 3, hash 43b2a5b, HEAD~769
2022-11-26 04:27:30,493 DEBUG                  - depth 4, hash 1ef25ab, HEAD~1811
2022-11-26 04:27:30,495 DEBUG                  - depth 5, hash 7650f71, HEAD~1822
2022-11-26 04:27:30,498 DEBUG                  - depth 6, hash d6ad6b1, HEAD~1826
2022-11-26 04:27:30,501 DEBUG                  - depth 7, hash 24b5e31, HEAD~1870
2022-11-26 04:27:30,504 DEBUG                  - depth 8, hash 7e39b63, HEAD~1954
2022-11-26 04:27:30,506 DEBUG                  - depth 9, hash 252e035, HEAD~2006
2022-11-26 04:27:30,509 DEBUG                  - depth 10, hash b0be90e, HEAD~2031
2022-11-26 04:27:30,511 DEBUG                  - depth 11, hash 1a41190, HEAD~2257
2022-11-26 04:27:30,515 DEBUG    [line range] org/apache/commons/lang3/builder/ToStringStyle.java appendStart 374:383
2022-11-26 04:27:30,584 DEBUG                  - depth 0, hash 34aa8b0, HEAD~1455
2022-11-26 04:27:30,588 DEBUG                  - depth 1, hash 78c1461, HEAD~2132
2022-11-26 04:27:30,591 DEBUG                  - depth 2, hash 1a41190, HEAD~2257
2022-11-26 04:27:30,594 DEBUG    [line range] org/apache/commons/lang3/builder/ToStringStyle.java getRegistry 147:150
2022-11-26 04:27:30,652 DEBUG                  - depth 0, hash 3f900a7, HEAD~0
2022-11-26 04:27:30,656 DEBUG                  - depth 1, hash b044272, HEAD~374
2022-11-26 04:27:30,659 DEBUG                  - depth 2, hash 43b2a5b, HEAD~769
2022-11-26 04:27:30,663 DEBUG    [line range] org/apache/commons/lang3/builder/ToStringStyle.java isRegistered 163:165
2022-11-26 04:27:30,718 DEBUG                  - depth 0, hash 43b2a5b, HEAD~769
2022-11-26 04:27:30,723 DEBUG    [line range] org/apache/commons/lang3/builder/ToStringStyle.java isUseIdentityHashCode 1643:1645
2022-11-26 04:27:30,790 DEBUG                  - depth 0, hash 8f75637, HEAD~2239
2022-11-26 04:27:30,795 DEBUG    [line range] org/apache/commons/lang3/builder/ToStringStyle.java reflectionAppendArrayDetail 922:938
2022-11-26 04:27:30,863 DEBUG                  - depth 0, hash d6ad6b1, HEAD~1826
2022-11-26 04:27:30,867 DEBUG                  - depth 1, hash b0be90e, HEAD~2031
2022-11-26 04:27:30,870 DEBUG    [line range] org/apache/commons/lang3/builder/ToStringStyle.java register 176:188
2022-11-26 04:27:30,924 DEBUG                  - depth 0, hash 3f900a7, HEAD~0
2022-11-26 04:27:30,928 DEBUG                  - depth 1, hash 43b2a5b, HEAD~769
2022-11-26 04:27:30,932 DEBUG    [line range] org/apache/commons/lang3/builder/ToStringStyle.java removeLastFieldSeparator 406:421
2022-11-26 04:27:30,997 DEBUG                  - depth 0, hash 78c1461, HEAD~2132
2022-11-26 04:27:31,001 DEBUG    [line range] org/apache/commons/lang3/builder/ToStringStyle.java setContentEnd 1841:1846
2022-11-26 04:27:31,068 DEBUG                  - depth 0, hash 8f75637, HEAD~2239
2022-11-26 04:27:31,075 DEBUG    [line range] org/apache/commons/lang3/builder/ToStringStyle.java setContentStart 1815:1820
2022-11-26 04:27:31,153 DEBUG                  - depth 0, hash 8f75637, HEAD~2239
2022-11-26 04:27:31,156 DEBUG    [line range] org/apache/commons/lang3/builder/ToStringStyle.java setFieldSeparator 1893:1898
2022-11-26 04:27:31,221 DEBUG                  - depth 0, hash 8f75637, HEAD~2239
2022-11-26 04:27:31,225 DEBUG    [line range] org/apache/commons/lang3/builder/ToStringStyle.java setFieldSeparatorAtStart 1920:1922
2022-11-26 04:27:31,293 DEBUG                  - depth 0, hash 78c1461, HEAD~2132
2022-11-26 04:27:31,297 DEBUG    [line range] org/apache/commons/lang3/builder/ToStringStyle.java setUseClassName 1610:1612
2022-11-26 04:27:31,368 DEBUG                  - depth 0, hash 8f75637, HEAD~2239
2022-11-26 04:27:31,373 DEBUG    [line range] org/apache/commons/lang3/builder/ToStringStyle.java setUseFieldNames 1672:1674
2022-11-26 04:27:31,443 DEBUG                  - depth 0, hash 8f75637, HEAD~2239
2022-11-26 04:27:31,447 DEBUG    [line range] org/apache/commons/lang3/builder/ToStringStyle.java setUseIdentityHashCode 1652:1654
2022-11-26 04:27:31,514 DEBUG                  - depth 0, hash 8f75637, HEAD~2239
2022-11-26 04:27:31,518 DEBUG    [line range] org/apache/commons/lang3/builder/ToStringStyle.java setUseShortClassName 1632:1634
2022-11-26 04:27:31,581 DEBUG                  - depth 0, hash ee65adf, HEAD~1698
2022-11-26 04:27:31,587 DEBUG    [line range] org/apache/commons/lang3/builder/ToStringStyle.java unregister 202:215
2022-11-26 04:27:31,655 DEBUG                  - depth 0, hash 3f900a7, HEAD~0
2022-11-26 04:27:31,660 DEBUG                  - depth 1, hash 43b2a5b, HEAD~769
2022-11-26 04:27:32,754 DEBUG    [line range] org/apache/commons/lang3/ObjectUtils.java <clinit> 57:57
2022-11-26 04:27:32,821 DEBUG                  - depth 0, hash 44a3b3f, HEAD~2245
2022-11-26 04:27:32,826 DEBUG    [line range] org/apache/commons/lang3/ObjectUtils.java identityToString 214:221
2022-11-26 04:27:32,915 DEBUG                  - depth 0, hash 5fd2544, HEAD~195
2022-11-26 04:27:32,921 DEBUG                  - depth 1, hash f1f7988, HEAD~232
2022-11-26 04:27:32,925 DEBUG                  - depth 2, hash a0ecd1a, HEAD~657
2022-11-26 04:27:32,931 DEBUG                  - depth 3, hash 0309c35, HEAD~1814
2022-11-26 04:27:32,935 DEBUG                  - depth 4, hash 24b5e31, HEAD~1870
2022-11-26 04:27:32,940 DEBUG                  - depth 5, hash fe44be5, HEAD~2251
2022-11-26 04:27:32,943 DEBUG    [line range] org/apache/commons/lang3/ObjectUtils.java <init> 340:342
2022-11-26 04:27:33,075 DEBUG                  - depth 0, hash f09a9a0, HEAD~1184
2022-11-26 04:27:33,082 DEBUG                  - depth 1, hash 11ff5aa, HEAD~1195
2022-11-26 04:27:33,085 DEBUG                  - depth 2, hash 6586214, HEAD~2052
2022-11-26 04:27:33,090 DEBUG                  - depth 3, hash 44a3b3f, HEAD~2245
2022-11-26 04:27:33,095 DEBUG    [line range] org/apache/commons/lang3/builder/ToStringStyle.java appendCyclicObject 579:581
2022-11-26 04:27:33,179 DEBUG                  - depth 0, hash 223c0a2, HEAD~399
2022-11-26 04:27:33,183 DEBUG                  - depth 1, hash 43b2a5b, HEAD~769
2022-11-26 04:27:33,187 DEBUG                  - depth 2, hash 1a41190, HEAD~2257
2022-11-26 04:27:33,191 DEBUG    [line range] org/apache/commons/lang3/builder/ToStringStyle.java appendDetail 896:911
2022-11-26 04:27:33,273 DEBUG                  - depth 0, hash d6ad6b1, HEAD~1826
2022-11-26 04:27:33,279 DEBUG                  - depth 1, hash 1a41190, HEAD~2257
2022-11-26 04:27:33,283 DEBUG    [line range] org/apache/commons/lang3/builder/ToStringStyle.java appendDetail 687:689
2022-11-26 04:27:33,354 DEBUG                  - depth 0, hash 1a41190, HEAD~2257
2022-11-26 04:27:33,358 DEBUG    [line range] org/apache/commons/lang3/builder/ToStringStyle.java appendDetail 1051:1060
2022-11-26 04:27:33,426 DEBUG                  - depth 0, hash 1a41190, HEAD~2257
2022-11-26 04:27:33,431 DEBUG    [line range] org/apache/commons/lang3/builder/ToStringStyle.java appendNullText 1500:1502
2022-11-26 04:27:33,501 DEBUG                  - depth 0, hash 1a41190, HEAD~2257
2022-11-26 04:27:33,505 DEBUG    [line range] org/apache/commons/lang3/builder/ToStringStyle.java appendDetail 715:717
2022-11-26 04:27:33,567 DEBUG                  - depth 0, hash 1a41190, HEAD~2257
2022-11-26 04:27:33,571 DEBUG    [line range] org/apache/commons/lang3/builder/ToStringStyle.java appendDetail 1112:1121
2022-11-26 04:27:33,639 DEBUG                  - depth 0, hash 1a41190, HEAD~2257
2022-11-26 04:27:33,644 DEBUG    [line range] org/apache/commons/lang3/builder/ToStringStyle.java appendDetail 799:801
2022-11-26 04:27:33,719 DEBUG                  - depth 0, hash 1a41190, HEAD~2257
2022-11-26 04:27:33,724 DEBUG    [line range] org/apache/commons/lang3/builder/ToStringStyle.java appendDetail 1295:1304
2022-11-26 04:27:33,791 DEBUG                  - depth 0, hash 1a41190, HEAD~2257
2022-11-26 04:27:33,795 DEBUG    [line range] org/apache/commons/lang3/builder/ReflectionToStringBuilder.java accept 491:510
2022-11-26 04:27:33,853 DEBUG                  - depth 0, hash 308f4b5, HEAD~334
2022-11-26 04:27:33,857 DEBUG                  - depth 1, hash e6b7d55, HEAD~1048
2022-11-26 04:27:33,859 DEBUG                  - depth 2, hash 87880f2, HEAD~1617
2022-11-26 04:27:33,862 DEBUG                  - depth 3, hash 7e39b63, HEAD~1954
2022-11-26 04:27:33,865 DEBUG    [line range] org/apache/commons/lang3/builder/ReflectionToStringBuilder.java getValue 585:587
2022-11-26 04:27:33,926 DEBUG                  - depth 0, hash 7e39b63, HEAD~1954
2022-11-26 04:27:33,932 DEBUG    [line range] org/apache/commons/lang3/builder/ToStringBuilder.java append 849:852
2022-11-26 04:27:33,995 DEBUG                  - depth 0, hash 5ef9115, HEAD~183
2022-11-26 04:27:34,000 DEBUG                  - depth 1, hash 0e3abb1, HEAD~344
2022-11-26 04:27:34,002 DEBUG                  - depth 2, hash 3c9d090, HEAD~858
2022-11-26 04:27:34,005 DEBUG                  - depth 3, hash f5144f0, HEAD~1955
2022-11-26 04:27:34,009 DEBUG                  - depth 4, hash 1a41190, HEAD~2257
2022-11-26 04:27:34,012 DEBUG    [line range] org/apache/commons/lang3/builder/ToStringStyle.java append 436:447
2022-11-26 04:27:34,082 DEBUG                  - depth 0, hash d6ad6b1, HEAD~1826
2022-11-26 04:27:34,086 DEBUG                  - depth 1, hash 1a41190, HEAD~2257
2022-11-26 04:27:34,089 DEBUG    [line range] org/apache/commons/lang3/builder/ToStringStyle.java appendFieldEnd 1532:1534
2022-11-26 04:27:34,164 DEBUG                  - depth 0, hash 1a41190, HEAD~2257
2022-11-26 04:27:34,169 DEBUG    [line range] org/apache/commons/lang3/builder/ToStringStyle.java appendFieldSeparator 1509:1511
2022-11-26 04:27:34,243 DEBUG                  - depth 0, hash 1a41190, HEAD~2257
2022-11-26 04:27:34,247 DEBUG    [line range] org/apache/commons/lang3/builder/ToStringStyle.java appendFieldStart 1519:1524
2022-11-26 04:27:34,317 DEBUG                  - depth 0, hash 1a41190, HEAD~2257
2022-11-26 04:27:34,321 DEBUG    [line range] org/apache/commons/lang3/builder/ToStringStyle.java isFullDetail 1571:1576
2022-11-26 04:27:34,394 DEBUG                  - depth 0, hash 1a41190, HEAD~2257
2022-11-26 04:27:34,398 DEBUG    [line range] org/apache/commons/lang3/builder/ToStringStyle.java appendDetail 855:857
2022-11-26 04:27:34,463 DEBUG                  - depth 0, hash 1a41190, HEAD~2257
2022-11-26 04:27:34,467 DEBUG    [line range] org/apache/commons/lang3/builder/ToStringStyle.java appendDetail 1417:1426
2022-11-26 04:27:34,532 DEBUG                  - depth 0, hash 1a41190, HEAD~2257
2022-11-26 04:27:34,536 DEBUG    [line range] org/apache/commons/lang3/builder/ToStringStyle.java appendDetail 771:773
2022-11-26 04:27:34,601 DEBUG                  - depth 0, hash 1a41190, HEAD~2257
2022-11-26 04:27:34,605 DEBUG    [line range] org/apache/commons/lang3/builder/ToStringStyle.java appendDetail 1234:1243
2022-11-26 04:27:34,681 DEBUG                  - depth 0, hash 1a41190, HEAD~2257
2022-11-26 04:27:34,686 DEBUG    [line range] org/apache/commons/lang3/builder/ToStringBuilder.java <init> 227:229
2022-11-26 04:27:34,750 DEBUG                  - depth 0, hash 3f0e542, HEAD~180
2022-11-26 04:27:34,754 DEBUG                  - depth 1, hash 5ef9115, HEAD~183
2022-11-26 04:27:34,757 DEBUG                  - depth 2, hash 0e3abb1, HEAD~344
2022-11-26 04:27:34,759 DEBUG                  - depth 3, hash f5144f0, HEAD~1955
2022-11-26 04:27:34,762 DEBUG                  - depth 4, hash 78c1461, HEAD~2132
2022-11-26 04:27:34,764 DEBUG    [line range] org/apache/commons/lang3/builder/ToStringBuilder.java append 473:476
2022-11-26 04:27:34,832 DEBUG                  - depth 0, hash 5ef9115, HEAD~183
2022-11-26 04:27:34,836 DEBUG                  - depth 1, hash 0e3abb1, HEAD~344
2022-11-26 04:27:34,838 DEBUG                  - depth 2, hash 3c9d090, HEAD~858
2022-11-26 04:27:34,841 DEBUG                  - depth 3, hash f5144f0, HEAD~1955
2022-11-26 04:27:34,843 DEBUG                  - depth 4, hash 1a41190, HEAD~2257
2022-11-26 04:27:34,846 DEBUG    [line range] org/apache/commons/lang3/builder/ReflectionToStringBuilder.java isAppendTransients 608:610
2022-11-26 04:27:34,905 DEBUG                  - depth 0, hash 7e39b63, HEAD~1954
2022-11-26 04:27:34,909 DEBUG    [line range] org/apache/commons/lang3/builder/ReflectionToStringBuilder.java toString 154:156
2022-11-26 04:27:34,964 DEBUG                  - depth 0, hash 87880f2, HEAD~1617
2022-11-26 04:27:34,968 DEBUG                  - depth 1, hash 7e39b63, HEAD~1954
2022-11-26 04:27:34,971 DEBUG    [line range] org/apache/commons/lang3/builder/ToStringBuilder.java reflectionToString 167:169
2022-11-26 04:27:35,036 DEBUG                  - depth 0, hash 7e39b63, HEAD~1954
2022-11-26 04:27:35,040 DEBUG                  - depth 1, hash b14cf8f, HEAD~2089
2022-11-26 04:27:35,042 DEBUG                  - depth 2, hash 1a41190, HEAD~2257
2022-11-26 04:27:35,045 DEBUG    [line range] org/apache/commons/lang3/builder/ToStringBuilder.java reflectionToString 181:183
2022-11-26 04:27:35,104 DEBUG                  - depth 0, hash 87880f2, HEAD~1617
2022-11-26 04:27:35,108 DEBUG                  - depth 1, hash 7e39b63, HEAD~1954
2022-11-26 04:27:35,110 DEBUG                  - depth 2, hash b14cf8f, HEAD~2089
2022-11-26 04:27:35,114 DEBUG                  - depth 3, hash 1a41190, HEAD~2257
2022-11-26 04:27:35,117 DEBUG    [line range] org/apache/commons/lang3/builder/ToStringBuilder.java reflectionToString 197:203
2022-11-26 04:27:35,179 DEBUG                  - depth 0, hash 0e3abb1, HEAD~344
2022-11-26 04:27:35,183 DEBUG                  - depth 1, hash 87880f2, HEAD~1617
2022-11-26 04:27:35,186 DEBUG                  - depth 2, hash 7e39b63, HEAD~1954
2022-11-26 04:27:35,188 DEBUG                  - depth 3, hash f5144f0, HEAD~1955
2022-11-26 04:27:35,191 DEBUG                  - depth 4, hash 8642402, HEAD~2005
2022-11-26 04:27:35,194 DEBUG                  - depth 5, hash b0be90e, HEAD~2031
2022-11-26 04:27:35,197 DEBUG                  - depth 6, hash b9ea92e, HEAD~2045
2022-11-26 04:27:35,199 DEBUG                  - depth 7, hash 946ebd2, HEAD~2074
2022-11-26 04:27:35,201 DEBUG                  - depth 8, hash 7faee9e, HEAD~2078
2022-11-26 04:27:35,204 DEBUG                  - depth 9, hash b14cf8f, HEAD~2089
2022-11-26 04:27:35,207 DEBUG                  - depth 10, hash 1a41190, HEAD~2257
2022-11-26 04:27:35,210 DEBUG    [line range] org/apache/commons/lang3/builder/ToStringStyle.java appendDetail 743:745
2022-11-26 04:27:35,279 DEBUG                  - depth 0, hash 1a41190, HEAD~2257
2022-11-26 04:27:35,283 DEBUG    [line range] org/apache/commons/lang3/builder/ToStringStyle.java appendDetail 1173:1182
2022-11-26 04:27:35,350 DEBUG                  - depth 0, hash 1a41190, HEAD~2257
2022-11-26 04:27:35,355 DEBUG    [line range] org/apache/commons/lang3/builder/ToStringStyle.java appendDetail 659:661
2022-11-26 04:27:35,422 DEBUG                  - depth 0, hash 1a41190, HEAD~2257
2022-11-26 04:27:35,426 DEBUG    [line range] org/apache/commons/lang3/builder/ToStringStyle.java appendDetail 990:999
2022-11-26 04:27:35,507 DEBUG                  - depth 0, hash 1a41190, HEAD~2257
2022-11-26 04:27:35,512 DEBUG    [line range] org/apache/commons/lang3/builder/ToStringStyle.java appendDetail 827:829
2022-11-26 04:27:35,576 DEBUG                  - depth 0, hash 1a41190, HEAD~2257
2022-11-26 04:27:35,580 DEBUG    [line range] org/apache/commons/lang3/builder/ToStringStyle.java appendDetail 1356:1365
2022-11-26 04:27:35,645 DEBUG                  - depth 0, hash 1a41190, HEAD~2257
2022-11-26 04:27:35,650 INFO     The number of BIC candidates: 56
